#
# There is insufficient memory for the Java Runtime Environment to continue.
# Native memory allocation (malloc) failed to allocate 338992 bytes. Error detail: Chunk::new
# Possible reasons:
#   The system is out of physical RAM or swap space
#   This process is running with CompressedOops enabled, and the Java Heap may be blocking the growth of the native heap
# Possible solutions:
#   Reduce memory load on the system
#   Increase physical memory or swap space
#   Check if swap backing store is full
#   Decrease Java heap size (-Xmx/-Xms)
#   Decrease number of Java threads
#   Decrease Java thread stack sizes (-Xss)
#   Set larger code cache with -XX:ReservedCodeCacheSize=
#   JVM is running with Zero Based Compressed Oops mode in which the Java heap is
#     placed in the first 32GB address space. The Java Heap base address is the
#     maximum limit for the native heap growth. Please use -XX:HeapBaseMinAddress
#     to set the Java Heap base and to place the Java Heap above 32GB virtual address.
# This output file may be truncated or incomplete.
#
#  Out of Memory Error (arena.cpp:191), pid=7748, tid=4516
#
# JRE version: OpenJDK Runtime Environment (17.0.11) (build 17.0.11+0--11852314)
# Java VM: OpenJDK 64-Bit Server VM (17.0.11+0--11852314, mixed mode, tiered, compressed oops, compressed class ptrs, g1 gc, windows-amd64)
# No core dump will be written. Minidumps are not enabled by default on client versions of Windows
#

---------------  S U M M A R Y ------------

Command Line: -XX:MaxMetaspaceSize=2G -XX:+HeapDumpOnOutOfMemoryError --add-opens=java.base/java.util=ALL-UNNAMED --add-opens=java.base/java.lang=ALL-UNNAMED --add-opens=java.base/java.lang.invoke=ALL-UNNAMED --add-opens=java.prefs/java.util.prefs=ALL-UNNAMED --add-opens=java.base/java.nio.charset=ALL-UNNAMED --add-opens=java.base/java.net=ALL-UNNAMED --add-opens=java.base/java.util.concurrent.atomic=ALL-UNNAMED -Xmx4G -Dfile.encoding=windows-1252 -Duser.country=US -Duser.language=en -Duser.variant org.gradle.launcher.daemon.bootstrap.GradleDaemon 7.6.3

Host: AMD Ryzen 5 4600G with Radeon Graphics, 12 cores, 15G,  Windows 10 , 64 bit Build 19041 (10.0.19041.4957)
Time: Tue Oct 29 00:43:11 2024 China Standard Time elapsed time: 9.452564 seconds (0d 0h 0m 9s)

---------------  T H R E A D  ---------------

Current thread (0x000001ece37b7a00):  JavaThread "C2 CompilerThread0" daemon [_thread_in_native, id=4516, stack(0x000000915c400000,0x000000915c500000)]


Current CompileTask:
C2:   9452 5408   !   4       java.util.concurrent.ConcurrentHashMap::putVal (432 bytes)

Stack: [0x000000915c400000,0x000000915c500000]
Native frames: (J=compiled Java code, j=interpreted, Vv=VM code, C=native code)
V  [jvm.dll+0x687bb9]
V  [jvm.dll+0x84142a]
V  [jvm.dll+0x8430ae]
V  [jvm.dll+0x843713]
V  [jvm.dll+0x24a35f]
V  [jvm.dll+0xac544]
V  [jvm.dll+0xacb8c]
V  [jvm.dll+0x369c37]
V  [jvm.dll+0x33416a]
V  [jvm.dll+0x33360a]
V  [jvm.dll+0x21bed1]
V  [jvm.dll+0x21b311]
V  [jvm.dll+0x1a63ed]
V  [jvm.dll+0x22b1ee]
V  [jvm.dll+0x229375]
V  [jvm.dll+0x7f5647]
V  [jvm.dll+0x7efa4a]
V  [jvm.dll+0x686a35]
C  [ucrtbase.dll+0x21bb2]
C  [KERNEL32.DLL+0x17374]
C  [ntdll.dll+0x4cc91]


---------------  P R O C E S S  ---------------

Threads class SMR info:
_java_thread_list=0x000001ecec32a030, length=42, elements={
0x000001ecc470fc50, 0x000001ece37533b0, 0x000001ece3785170, 0x000001ece376e700,
0x000001ece37722e0, 0x000001ece3772da0, 0x000001ece3773760, 0x000001ece37b7a00,
0x000001ece37b84b0, 0x000001ece37baec0, 0x000001ece393f350, 0x000001ece393fc40,
0x000001ece964c2f0, 0x000001ece964a9d0, 0x000001ece9645740, 0x000001ece972c990,
0x000001ece3b07e20, 0x000001ece834b800, 0x000001ece89bd950, 0x000001ece89bed90,
0x000001ece89bf2a0, 0x000001ece89bf7b0, 0x000001ece89bfcc0, 0x000001ece89c01d0,
0x000001ece89bcf30, 0x000001ece89bd440, 0x000001ece89bde60, 0x000001ece89be370,
0x000001ece89be880, 0x000001ece9f4af90, 0x000001ece9f4a060, 0x000001ece9f4c8e0,
0x000001ece9f4a570, 0x000001ece9f4cdf0, 0x000001ece9f4aa80, 0x000001ece9f4b4a0,
0x000001ece9f4d810, 0x000001ece9f4b9b0, 0x000001eceb3ce050, 0x000001ece9f4bec0,
0x000001ece9f4c3d0, 0x000001eceb3110f0
}

Java Threads: ( => current thread )
  0x000001ecc470fc50 JavaThread "main" [_thread_blocked, id=9388, stack(0x000000915b700000,0x000000915b800000)]
  0x000001ece37533b0 JavaThread "Reference Handler" daemon [_thread_blocked, id=7612, stack(0x000000915be00000,0x000000915bf00000)]
  0x000001ece3785170 JavaThread "Finalizer" daemon [_thread_blocked, id=9792, stack(0x000000915bf00000,0x000000915c000000)]
  0x000001ece376e700 JavaThread "Signal Dispatcher" daemon [_thread_blocked, id=5396, stack(0x000000915c000000,0x000000915c100000)]
  0x000001ece37722e0 JavaThread "Attach Listener" daemon [_thread_blocked, id=4824, stack(0x000000915c100000,0x000000915c200000)]
  0x000001ece3772da0 JavaThread "Service Thread" daemon [_thread_blocked, id=1484, stack(0x000000915c200000,0x000000915c300000)]
  0x000001ece3773760 JavaThread "Monitor Deflation Thread" daemon [_thread_blocked, id=14068, stack(0x000000915c300000,0x000000915c400000)]
=>0x000001ece37b7a00 JavaThread "C2 CompilerThread0" daemon [_thread_in_native, id=4516, stack(0x000000915c400000,0x000000915c500000)]
  0x000001ece37b84b0 JavaThread "C1 CompilerThread0" daemon [_thread_blocked, id=1952, stack(0x000000915c500000,0x000000915c600000)]
  0x000001ece37baec0 JavaThread "Sweeper thread" daemon [_thread_blocked, id=12344, stack(0x000000915c600000,0x000000915c700000)]
  0x000001ece393f350 JavaThread "Common-Cleaner" daemon [_thread_blocked, id=13428, stack(0x000000915c700000,0x000000915c800000)]
  0x000001ece393fc40 JavaThread "Notification Thread" daemon [_thread_blocked, id=13416, stack(0x000000915c800000,0x000000915c900000)]
  0x000001ece964c2f0 JavaThread "Daemon health stats" [_thread_blocked, id=10032, stack(0x000000915ce00000,0x000000915cf00000)]
  0x000001ece964a9d0 JavaThread "Incoming local TCP Connector on port 57096" [_thread_in_native, id=9884, stack(0x000000915cf00000,0x000000915d000000)]
  0x000001ece9645740 JavaThread "Daemon periodic checks" [_thread_blocked, id=9720, stack(0x000000915d000000,0x000000915d100000)]
  0x000001ece972c990 JavaThread "Daemon" [_thread_blocked, id=13136, stack(0x000000915d100000,0x000000915d200000)]
  0x000001ece3b07e20 JavaThread "Handler for socket connection from /127.0.0.1:57096 to /127.0.0.1:57097" [_thread_in_native, id=12684, stack(0x000000915d200000,0x000000915d300000)]
  0x000001ece834b800 JavaThread "Cancel handler" [_thread_blocked, id=14132, stack(0x000000915d300000,0x000000915d400000)]
  0x000001ece89bd950 JavaThread "Daemon worker" [_thread_in_Java, id=7720, stack(0x000000915d400000,0x000000915d500000)]
  0x000001ece89bed90 JavaThread "Asynchronous log dispatcher for DefaultDaemonConnection: socket connection from /127.0.0.1:57096 to /127.0.0.1:57097" [_thread_blocked, id=10200, stack(0x000000915d500000,0x000000915d600000)]
  0x000001ece89bf2a0 JavaThread "Stdin handler" [_thread_blocked, id=12324, stack(0x000000915d600000,0x000000915d700000)]
  0x000001ece89bf7b0 JavaThread "Daemon client event forwarder" [_thread_blocked, id=12620, stack(0x000000915d700000,0x000000915d800000)]
  0x000001ece89bfcc0 JavaThread "Cache worker for journal cache (C:\Users\User\.gradle\caches\journal-1)" [_thread_blocked, id=2020, stack(0x000000915d800000,0x000000915d900000)]
  0x000001ece89c01d0 JavaThread "File lock request listener" [_thread_in_native, id=8960, stack(0x000000915d900000,0x000000915da00000)]
  0x000001ece89bcf30 JavaThread "Cache worker for file hash cache (C:\Users\User\.gradle\caches\7.6.3\fileHashes)" [_thread_blocked, id=2444, stack(0x000000915e100000,0x000000915e200000)]
  0x000001ece89bd440 JavaThread "File watcher server" daemon [_thread_in_native, id=13820, stack(0x000000915e200000,0x000000915e300000)]
  0x000001ece89bde60 JavaThread "File watcher consumer" daemon [_thread_blocked, id=13112, stack(0x000000915e300000,0x000000915e400000)]
  0x000001ece89be370 JavaThread "Cache worker for checksums cache (E:\CamHub\android\.gradle\7.6.3\checksums)" [_thread_blocked, id=13052, stack(0x000000915e400000,0x000000915e500000)]
  0x000001ece89be880 JavaThread "Cache worker for cache directory md-rule (C:\Users\User\.gradle\caches\7.6.3\md-rule)" [_thread_blocked, id=9452, stack(0x000000915e500000,0x000000915e600000)]
  0x000001ece9f4af90 JavaThread "Cache worker for file content cache (C:\Users\User\.gradle\caches\7.6.3\fileContent)" [_thread_blocked, id=13800, stack(0x000000915e600000,0x000000915e700000)]
  0x000001ece9f4a060 JavaThread "Cache worker for file hash cache (E:\CamHub\android\.gradle\7.6.3\fileHashes)" [_thread_blocked, id=13128, stack(0x000000915e700000,0x000000915e800000)]
  0x000001ece9f4c8e0 JavaThread "Cache worker for cache directory md-supplier (C:\Users\User\.gradle\caches\7.6.3\md-supplier)" [_thread_blocked, id=792, stack(0x000000915e800000,0x000000915e900000)]
  0x000001ece9f4a570 JavaThread "Cache worker for execution history cache (C:\Users\User\.gradle\caches\7.6.3\executionHistory)" [_thread_blocked, id=9796, stack(0x000000915e900000,0x000000915ea00000)]
  0x000001ece9f4cdf0 JavaThread "jar transforms" [_thread_blocked, id=4496, stack(0x000000915ea00000,0x000000915eb00000)]
  0x000001ece9f4aa80 JavaThread "Cache worker for kotlin-dsl (C:\Users\User\.gradle\caches\7.6.3\kotlin-dsl)" [_thread_blocked, id=3492, stack(0x000000915eb00000,0x000000915ec00000)]
  0x000001ece9f4b4a0 JavaThread "jar transforms Thread 2" [_thread_blocked, id=3856, stack(0x000000915ec00000,0x000000915ed00000)]
  0x000001ece9f4d810 JavaThread "Cache worker for dependencies-accessors (E:\CamHub\android\.gradle\7.6.3\dependencies-accessors)" [_thread_blocked, id=3652, stack(0x000000915ed00000,0x000000915ee00000)]
  0x000001ece9f4b9b0 JavaThread "Cache worker for Build Output Cleanup Cache (E:\Flutter\flutter\packages\flutter_tools\gradle\.gradle\buildOutputCleanup)" [_thread_blocked, id=6800, stack(0x000000915ee00000,0x000000915ef00000)]
  0x000001eceb3ce050 JavaThread "C2 CompilerThread1" daemon [_thread_in_native, id=6380, stack(0x000000915ef00000,0x000000915f000000)]
  0x000001ece9f4bec0 JavaThread "jar transforms Thread 3" [_thread_blocked, id=1564, stack(0x000000915f000000,0x000000915f100000)]
  0x000001ece9f4c3d0 JavaThread "Memory manager" [_thread_blocked, id=2092, stack(0x000000915f100000,0x000000915f200000)]
  0x000001eceb3110f0 JavaThread "jar transforms Thread 4" [_thread_blocked, id=12328, stack(0x000000915f200000,0x000000915f300000)]

Other Threads:
  0x000001ece3750690 VMThread "VM Thread" [stack: 0x000000915bd00000,0x000000915be00000] [id=3912]
  0x000001ece393d020 WatcherThread [stack: 0x000000915c900000,0x000000915ca00000] [id=7608]
  0x000001ecc477bb30 GCTaskThread "GC Thread#0" [stack: 0x000000915b800000,0x000000915b900000] [id=7500]
  0x000001ece37abbd0 GCTaskThread "GC Thread#1" [stack: 0x000000915ca00000,0x000000915cb00000] [id=8956]
  0x000001ece37aa890 GCTaskThread "GC Thread#2" [stack: 0x000000915cb00000,0x000000915cc00000] [id=4636]
  0x000001ece37ab650 GCTaskThread "GC Thread#3" [stack: 0x000000915cc00000,0x000000915cd00000] [id=10684]
  0x000001ece37aae10 GCTaskThread "GC Thread#4" [stack: 0x000000915cd00000,0x000000915ce00000] [id=11496]
  0x000001ece37aa050 GCTaskThread "GC Thread#5" [stack: 0x000000915da00000,0x000000915db00000] [id=12752]
  0x000001ece37aa5d0 GCTaskThread "GC Thread#6" [stack: 0x000000915db00000,0x000000915dc00000] [id=12488]
  0x000001ece8a33e00 GCTaskThread "GC Thread#7" [stack: 0x000000915dc00000,0x000000915dd00000] [id=12572]
  0x000001ece8a314c0 GCTaskThread "GC Thread#8" [stack: 0x000000915dd00000,0x000000915de00000] [id=12632]
  0x000001ece8a33880 GCTaskThread "GC Thread#9" [stack: 0x000000915de00000,0x000000915df00000] [id=11840]
  0x000001ecc478daa0 ConcurrentGCThread "G1 Main Marker" [stack: 0x000000915b900000,0x000000915ba00000] [id=13396]
  0x000001ecc478ec60 ConcurrentGCThread "G1 Conc#0" [stack: 0x000000915ba00000,0x000000915bb00000] [id=8048]
  0x000001ece8a34380 ConcurrentGCThread "G1 Conc#1" [stack: 0x000000915df00000,0x000000915e000000] [id=5404]
  0x000001ece8a33300 ConcurrentGCThread "G1 Conc#2" [stack: 0x000000915e000000,0x000000915e100000] [id=9712]
  0x000001ecc47cec90 ConcurrentGCThread "G1 Refine#0" [stack: 0x000000915bb00000,0x000000915bc00000] [id=8760]
  0x000001ece3492cb0 ConcurrentGCThread "G1 Service" [stack: 0x000000915bc00000,0x000000915bd00000] [id=6392]

Threads with active compile tasks:
C2 CompilerThread0     9467 5408   !   4       java.util.concurrent.ConcurrentHashMap::putVal (432 bytes)
C2 CompilerThread1     9467 5391       4       java.util.TreeMap::put (221 bytes)

VM state: not at safepoint (normal execution)

VM Mutex/Monitor currently owned by a thread: None

Heap address: 0x0000000700000000, size: 4096 MB, Compressed Oops mode: Zero based, Oop shift amount: 3

CDS archive(s) not mapped
Compressed class space mapped at: 0x0000000800000000-0x0000000840000000, reserved size: 1073741824
Narrow klass base: 0x0000000800000000, Narrow klass shift: 0, Narrow klass range: 0x40000000

GC Precious Log:
 CPUs: 12 total, 12 available
 Memory: 15660M
 Large Page Support: Disabled
 NUMA Support: Disabled
 Compressed Oops: Enabled (Zero based)
 Heap Region Size: 2M
 Heap Min Capacity: 8M
 Heap Initial Capacity: 246M
 Heap Max Capacity: 4G
 Pre-touch: Disabled
 Parallel Workers: 10
 Concurrent Workers: 3
 Concurrent Refinement Workers: 10
 Periodic GC: Disabled

Heap:
 garbage-first heap   total 104448K, used 52459K [0x0000000700000000, 0x0000000800000000)
  region size 2048K, 11 young (22528K), 2 survivors (4096K)
 Metaspace       used 61699K, committed 62272K, reserved 1114112K
  class space    used 8408K, committed 8704K, reserved 1048576K

Heap Regions: E=young(eden), S=young(survivor), O=old, HS=humongous(starts), HC=humongous(continues), CS=collection set, F=free, OA=open archive, CA=closed archive, TAMS=top-at-mark-start (previous, next)
|   0|0x0000000700000000, 0x0000000700200000, 0x0000000700200000|100%|HS|  |TAMS 0x0000000700200000, 0x0000000700000000| Complete 
|   1|0x0000000700200000, 0x0000000700400000, 0x0000000700400000|100%|HC|  |TAMS 0x0000000700400000, 0x0000000700200000| Complete 
|   2|0x0000000700400000, 0x0000000700600000, 0x0000000700600000|100%| O|  |TAMS 0x0000000700600000, 0x0000000700400000| Untracked 
|   3|0x0000000700600000, 0x0000000700800000, 0x0000000700800000|100%| O|  |TAMS 0x0000000700800000, 0x0000000700600000| Untracked 
|   4|0x0000000700800000, 0x0000000700a00000, 0x0000000700a00000|100%| O|  |TAMS 0x0000000700a00000, 0x0000000700800000| Untracked 
|   5|0x0000000700a00000, 0x0000000700c00000, 0x0000000700c00000|100%| O|  |TAMS 0x0000000700c00000, 0x0000000700a00000| Untracked 
|   6|0x0000000700c00000, 0x0000000700e00000, 0x0000000700e00000|100%| O|  |TAMS 0x0000000700e00000, 0x0000000700c00000| Untracked 
|   7|0x0000000700e00000, 0x0000000701000000, 0x0000000701000000|100%| O|  |TAMS 0x0000000701000000, 0x0000000700e00000| Untracked 
|   8|0x0000000701000000, 0x0000000701200000, 0x0000000701200000|100%| O|  |TAMS 0x0000000701200000, 0x0000000701000000| Untracked 
|   9|0x0000000701200000, 0x0000000701400000, 0x0000000701400000|100%| O|  |TAMS 0x0000000701400000, 0x0000000701200000| Untracked 
|  10|0x0000000701400000, 0x0000000701600000, 0x0000000701600000|100%| O|  |TAMS 0x0000000701600000, 0x0000000701400000| Untracked 
|  11|0x0000000701600000, 0x0000000701800000, 0x0000000701800000|100%| O|  |TAMS 0x0000000701800000, 0x0000000701600000| Untracked 
|  12|0x0000000701800000, 0x0000000701a00000, 0x0000000701a00000|100%| O|  |TAMS 0x0000000701a00000, 0x0000000701800000| Untracked 
|  13|0x0000000701a00000, 0x0000000701c00000, 0x0000000701c00000|100%| O|  |TAMS 0x0000000701c00000, 0x0000000701a00000| Untracked 
|  14|0x0000000701c00000, 0x0000000701e00000, 0x0000000701e00000|100%| O|  |TAMS 0x0000000701e00000, 0x0000000701c00000| Untracked 
|  15|0x0000000701e00000, 0x0000000702000000, 0x0000000702000000|100%| O|  |TAMS 0x0000000701e55200, 0x0000000701e00000| Untracked 
|  16|0x0000000702000000, 0x0000000702090400, 0x0000000702200000| 28%| O|  |TAMS 0x0000000702000000, 0x0000000702000000| Untracked 
|  17|0x0000000702200000, 0x0000000702200000, 0x0000000702400000|  0%| F|  |TAMS 0x0000000702200000, 0x0000000702200000| Untracked 
|  18|0x0000000702400000, 0x0000000702400000, 0x0000000702600000|  0%| F|  |TAMS 0x0000000702400000, 0x0000000702400000| Untracked 
|  19|0x0000000702600000, 0x0000000702600000, 0x0000000702800000|  0%| F|  |TAMS 0x0000000702600000, 0x0000000702600000| Untracked 
|  20|0x0000000702800000, 0x0000000702800000, 0x0000000702a00000|  0%| F|  |TAMS 0x0000000702800000, 0x0000000702800000| Untracked 
|  21|0x0000000702a00000, 0x0000000702a00000, 0x0000000702c00000|  0%| F|  |TAMS 0x0000000702a00000, 0x0000000702a00000| Untracked 
|  22|0x0000000702c00000, 0x0000000702c00000, 0x0000000702e00000|  0%| F|  |TAMS 0x0000000702c00000, 0x0000000702c00000| Untracked 
|  23|0x0000000702e00000, 0x0000000702e00000, 0x0000000703000000|  0%| F|  |TAMS 0x0000000702e00000, 0x0000000702e00000| Untracked 
|  24|0x0000000703000000, 0x0000000703000000, 0x0000000703200000|  0%| F|  |TAMS 0x0000000703000000, 0x0000000703000000| Untracked 
|  25|0x0000000703200000, 0x0000000703200000, 0x0000000703400000|  0%| F|  |TAMS 0x0000000703200000, 0x0000000703200000| Untracked 
|  26|0x0000000703400000, 0x0000000703400000, 0x0000000703600000|  0%| F|  |TAMS 0x0000000703400000, 0x0000000703400000| Untracked 
|  27|0x0000000703600000, 0x0000000703600000, 0x0000000703800000|  0%| F|  |TAMS 0x0000000703600000, 0x0000000703600000| Untracked 
|  28|0x0000000703800000, 0x0000000703800000, 0x0000000703a00000|  0%| F|  |TAMS 0x0000000703800000, 0x0000000703800000| Untracked 
|  29|0x0000000703a00000, 0x0000000703a00000, 0x0000000703c00000|  0%| F|  |TAMS 0x0000000703a00000, 0x0000000703a00000| Untracked 
|  30|0x0000000703c00000, 0x0000000703c00000, 0x0000000703e00000|  0%| F|  |TAMS 0x0000000703c00000, 0x0000000703c00000| Untracked 
|  31|0x0000000703e00000, 0x0000000703e00000, 0x0000000704000000|  0%| F|  |TAMS 0x0000000703e00000, 0x0000000703e00000| Untracked 
|  32|0x0000000704000000, 0x0000000704000000, 0x0000000704200000|  0%| F|  |TAMS 0x0000000704000000, 0x0000000704000000| Untracked 
|  33|0x0000000704200000, 0x0000000704200000, 0x0000000704400000|  0%| F|  |TAMS 0x0000000704200000, 0x0000000704200000| Untracked 
|  34|0x0000000704400000, 0x0000000704400000, 0x0000000704600000|  0%| F|  |TAMS 0x0000000704400000, 0x0000000704400000| Untracked 
|  35|0x0000000704600000, 0x0000000704600000, 0x0000000704800000|  0%| F|  |TAMS 0x0000000704600000, 0x0000000704600000| Untracked 
|  36|0x0000000704800000, 0x0000000704800000, 0x0000000704a00000|  0%| F|  |TAMS 0x0000000704800000, 0x0000000704800000| Untracked 
|  37|0x0000000704a00000, 0x0000000704a00000, 0x0000000704c00000|  0%| F|  |TAMS 0x0000000704a00000, 0x0000000704a00000| Untracked 
|  38|0x0000000704c00000, 0x0000000704c00000, 0x0000000704e00000|  0%| F|  |TAMS 0x0000000704c00000, 0x0000000704c00000| Untracked 
|  39|0x0000000704e00000, 0x0000000704e00000, 0x0000000705000000|  0%| F|  |TAMS 0x0000000704e00000, 0x0000000704e00000| Untracked 
|  40|0x0000000705000000, 0x00000007050cbfd0, 0x0000000705200000| 39%| E|  |TAMS 0x0000000705000000, 0x0000000705000000| Complete 
|  41|0x0000000705200000, 0x0000000705400000, 0x0000000705400000|100%| E|CS|TAMS 0x0000000705200000, 0x0000000705200000| Complete 
|  42|0x0000000705400000, 0x0000000705600000, 0x0000000705600000|100%| E|CS|TAMS 0x0000000705400000, 0x0000000705400000| Complete 
|  43|0x0000000705600000, 0x00000007056aa8f8, 0x0000000705800000| 33%| S|CS|TAMS 0x0000000705600000, 0x0000000705600000| Complete 
|  44|0x0000000705800000, 0x0000000705a00000, 0x0000000705a00000|100%| S|CS|TAMS 0x0000000705800000, 0x0000000705800000| Complete 
|  93|0x000000070ba00000, 0x000000070bc00000, 0x000000070bc00000|100%| E|CS|TAMS 0x000000070ba00000, 0x000000070ba00000| Complete 
|  94|0x000000070bc00000, 0x000000070be00000, 0x000000070be00000|100%| E|CS|TAMS 0x000000070bc00000, 0x000000070bc00000| Complete 
|  95|0x000000070be00000, 0x000000070c000000, 0x000000070c000000|100%| E|CS|TAMS 0x000000070be00000, 0x000000070be00000| Complete 
|  96|0x000000070c000000, 0x000000070c200000, 0x000000070c200000|100%| E|CS|TAMS 0x000000070c000000, 0x000000070c000000| Complete 
|  97|0x000000070c200000, 0x000000070c400000, 0x000000070c400000|100%| E|CS|TAMS 0x000000070c200000, 0x000000070c200000| Complete 
| 122|0x000000070f400000, 0x000000070f600000, 0x000000070f600000|100%| E|CS|TAMS 0x000000070f400000, 0x000000070f400000| Complete 

Card table byte_map: [0x000001ecd7940000,0x000001ecd8140000] _byte_map_base: 0x000001ecd4140000

Marking Bits (Prev, Next): (CMBitMap*) 0x000001ecc477c190, (CMBitMap*) 0x000001ecc477c150
 Prev Bits: [0x000001ecdc940000, 0x000001ece0940000)
 Next Bits: [0x000001ecd8940000, 0x000001ecdc940000)

Polling page: 0x000001ecc2640000

Metaspace:

Usage:
  Non-class:     52.05 MB used.
      Class:      8.21 MB used.
       Both:     60.26 MB used.

Virtual space:
  Non-class space:       64.00 MB reserved,      52.31 MB ( 82%) committed,  1 nodes.
      Class space:        1.00 GB reserved,       8.50 MB ( <1%) committed,  1 nodes.
             Both:        1.06 GB reserved,      60.81 MB (  6%) committed. 

Chunk freelists:
   Non-Class:  10.88 MB
       Class:  7.37 MB
        Both:  18.25 MB

MaxMetaspaceSize: 2.00 GB
CompressedClassSpaceSize: 1.00 GB
Initial GC threshold: 21.00 MB
Current GC threshold: 98.44 MB
CDS: off
MetaspaceReclaimPolicy: balanced
 - commit_granule_bytes: 65536.
 - commit_granule_words: 8192.
 - virtual_space_node_default_size: 8388608.
 - enlarge_chunks_in_place: 1.
 - new_chunks_are_fully_committed: 0.
 - uncommit_free_chunks: 1.
 - use_allocation_guard: 0.
 - handle_deallocations: 1.


Internal statistics:

num_allocs_failed_limit: 9.
num_arena_births: 614.
num_arena_deaths: 0.
num_vsnodes_births: 2.
num_vsnodes_deaths: 0.
num_space_committed: 973.
num_space_uncommitted: 0.
num_chunks_returned_to_freelist: 9.
num_chunks_taken_from_freelist: 2627.
num_chunk_merges: 9.
num_chunk_splits: 1767.
num_chunks_enlarged: 1253.
num_inconsistent_stats: 0.

CodeHeap 'non-profiled nmethods': size=120000Kb used=2382Kb max_used=2945Kb free=117617Kb
 bounds [0x000001eccf6c0000, 0x000001eccf9b0000, 0x000001ecd6bf0000]
CodeHeap 'profiled nmethods': size=120000Kb used=8874Kb max_used=10861Kb free=111126Kb
 bounds [0x000001ecc7bf0000, 0x000001ecc8690000, 0x000001eccf120000]
CodeHeap 'non-nmethods': size=5760Kb used=2345Kb max_used=2386Kb free=3414Kb
 bounds [0x000001eccf120000, 0x000001eccf390000, 0x000001eccf6c0000]
 total_blobs=5485 nmethods=4620 adapters=777
 compilation: enabled
              stopped_count=0, restarted_count=0
 full_count=0

Compilation events (20 events):
Event: 9.445 Thread 0x000001ece37b84b0 5412       1       org.gradle.internal.operations.DefaultBuildOperationRunner$DefaultBuildOperationContext::setResult (6 bytes)
Event: 9.445 Thread 0x000001ece37b84b0 nmethod 5412 0x000001eccf950690 code [0x000001eccf950820, 0x000001eccf950938]
Event: 9.445 Thread 0x000001ece37b84b0 5413       1       org.gradle.internal.operations.DefaultBuildOperationRunner$DefaultBuildOperationContext::getStatus (5 bytes)
Event: 9.445 Thread 0x000001ece37b84b0 nmethod 5413 0x000001eccf950390 code [0x000001eccf950520, 0x000001eccf9505f8]
Event: 9.445 Thread 0x000001ece37b84b0 5414       1       org.gradle.internal.operations.DefaultBuildOperationRunner$DefaultBuildOperationContext::getResult (5 bytes)
Event: 9.445 Thread 0x000001ece37b84b0 nmethod 5414 0x000001eccf950090 code [0x000001eccf950220, 0x000001eccf9502f8]
Event: 9.445 Thread 0x000001ece37b84b0 5415       1       org.gradle.internal.operations.OperationFinishEvent::getEndTime (5 bytes)
Event: 9.445 Thread 0x000001ece37b84b0 nmethod 5415 0x000001eccf94fc90 code [0x000001eccf94fe20, 0x000001eccf94fef8]
Event: 9.445 Thread 0x000001ece37b84b0 5416       1       org.gradle.internal.operations.OperationFinishEvent::getResult (5 bytes)
Event: 9.445 Thread 0x000001ece37b84b0 nmethod 5416 0x000001eccf718490 code [0x000001eccf718620, 0x000001eccf7186f8]
Event: 9.445 Thread 0x000001ece37b84b0 5417       1       org.gradle.internal.operations.OperationFinishEvent::getFailure (5 bytes)
Event: 9.445 Thread 0x000001ece37b84b0 nmethod 5417 0x000001eccf718190 code [0x000001eccf718320, 0x000001eccf7183f8]
Event: 9.445 Thread 0x000001ece37b84b0 5418       3       java.util.concurrent.atomic.AtomicLong::getAndIncrement (12 bytes)
Event: 9.446 Thread 0x000001ece37b84b0 nmethod 5418 0x000001ecc7d71b90 code [0x000001ecc7d71d20, 0x000001ecc7d71e38]
Event: 9.448 Thread 0x000001ece37b84b0 5420       3       org.gradle.internal.instantiation.generator.AbstractClassGenerator$PropertyMetadata::addSetter (41 bytes)
Event: 9.449 Thread 0x000001ece37b84b0 nmethod 5420 0x000001ecc7d86910 code [0x000001ecc7d86ae0, 0x000001ecc7d86ff8]
Event: 9.449 Thread 0x000001ece37b84b0 5423       3       java.lang.reflect.Constructor::getGenericParameterTypes (5 bytes)
Event: 9.450 Thread 0x000001ece37b84b0 nmethod 5423 0x000001ecc7c21f10 code [0x000001ecc7c221a0, 0x000001ecc7c231b8]
Event: 9.450 Thread 0x000001ece37b84b0 5424       3       com.google.common.collect.Lists::newArrayList (8 bytes)
Event: 9.451 Thread 0x000001ece37b84b0 nmethod 5424 0x000001ecc8126090 code [0x000001ecc8126240, 0x000001ecc8126578]

GC Heap History (20 events):
Event: 5.896 GC heap before
{Heap before GC invocations=5 (full 0):
 garbage-first heap   total 75776K, used 22919K [0x0000000700000000, 0x0000000800000000)
  region size 2048K, 3 young (6144K), 2 survivors (4096K)
 Metaspace       used 27315K, committed 27584K, reserved 1114112K
  class space    used 3575K, committed 3648K, reserved 1048576K
}
Event: 5.898 GC heap after
{Heap after GC invocations=6 (full 0):
 garbage-first heap   total 75776K, used 21095K [0x0000000700000000, 0x0000000800000000)
  region size 2048K, 1 young (2048K), 1 survivors (2048K)
 Metaspace       used 27315K, committed 27584K, reserved 1114112K
  class space    used 3575K, committed 3648K, reserved 1048576K
}
Event: 6.297 GC heap before
{Heap before GC invocations=6 (full 0):
 garbage-first heap   total 75776K, used 49767K [0x0000000700000000, 0x0000000800000000)
  region size 2048K, 15 young (30720K), 1 survivors (2048K)
 Metaspace       used 31503K, committed 31808K, reserved 1114112K
  class space    used 4249K, committed 4416K, reserved 1048576K
}
Event: 6.299 GC heap after
{Heap after GC invocations=7 (full 0):
 garbage-first heap   total 75776K, used 22018K [0x0000000700000000, 0x0000000800000000)
  region size 2048K, 1 young (2048K), 1 survivors (2048K)
 Metaspace       used 31503K, committed 31808K, reserved 1114112K
  class space    used 4249K, committed 4416K, reserved 1048576K
}
Event: 6.586 GC heap before
{Heap before GC invocations=7 (full 0):
 garbage-first heap   total 75776K, used 42498K [0x0000000700000000, 0x0000000800000000)
  region size 2048K, 12 young (24576K), 1 survivors (2048K)
 Metaspace       used 35660K, committed 35968K, reserved 1114112K
  class space    used 4762K, committed 4928K, reserved 1048576K
}
Event: 6.588 GC heap after
{Heap after GC invocations=8 (full 0):
 garbage-first heap   total 75776K, used 24002K [0x0000000700000000, 0x0000000800000000)
  region size 2048K, 2 young (4096K), 2 survivors (4096K)
 Metaspace       used 35660K, committed 35968K, reserved 1114112K
  class space    used 4762K, committed 4928K, reserved 1048576K
}
Event: 6.912 GC heap before
{Heap before GC invocations=9 (full 0):
 garbage-first heap   total 75776K, used 52674K [0x0000000700000000, 0x0000000800000000)
  region size 2048K, 17 young (34816K), 2 survivors (4096K)
 Metaspace       used 39983K, committed 40320K, reserved 1114112K
  class space    used 5274K, committed 5440K, reserved 1048576K
}
Event: 6.915 GC heap after
{Heap after GC invocations=10 (full 0):
 garbage-first heap   total 75776K, used 27131K [0x0000000700000000, 0x0000000800000000)
  region size 2048K, 3 young (6144K), 3 survivors (6144K)
 Metaspace       used 39983K, committed 40320K, reserved 1114112K
  class space    used 5274K, committed 5440K, reserved 1048576K
}
Event: 6.981 GC heap before
{Heap before GC invocations=10 (full 0):
 garbage-first heap   total 75776K, used 29179K [0x0000000700000000, 0x0000000800000000)
  region size 2048K, 4 young (8192K), 3 survivors (6144K)
 Metaspace       used 40274K, committed 40576K, reserved 1114112K
  class space    used 5323K, committed 5440K, reserved 1048576K
}
Event: 6.983 GC heap after
{Heap after GC invocations=11 (full 0):
 garbage-first heap   total 75776K, used 26980K [0x0000000700000000, 0x0000000800000000)
  region size 2048K, 1 young (2048K), 1 survivors (2048K)
 Metaspace       used 40274K, committed 40576K, reserved 1114112K
  class space    used 5323K, committed 5440K, reserved 1048576K
}
Event: 7.147 GC heap before
{Heap before GC invocations=11 (full 0):
 garbage-first heap   total 75776K, used 57700K [0x0000000700000000, 0x0000000800000000)
  region size 2048K, 15 young (30720K), 1 survivors (2048K)
 Metaspace       used 42068K, committed 42432K, reserved 1114112K
  class space    used 5493K, committed 5632K, reserved 1048576K
}
Event: 7.149 GC heap after
{Heap after GC invocations=12 (full 0):
 garbage-first heap   total 104448K, used 28598K [0x0000000700000000, 0x0000000800000000)
  region size 2048K, 2 young (4096K), 2 survivors (4096K)
 Metaspace       used 42068K, committed 42432K, reserved 1114112K
  class space    used 5493K, committed 5632K, reserved 1048576K
}
Event: 7.770 GC heap before
{Heap before GC invocations=12 (full 0):
 garbage-first heap   total 104448K, used 73654K [0x0000000700000000, 0x0000000800000000)
  region size 2048K, 24 young (49152K), 2 survivors (4096K)
 Metaspace       used 46602K, committed 47040K, reserved 1114112K
  class space    used 6158K, committed 6400K, reserved 1048576K
}
Event: 7.773 GC heap after
{Heap after GC invocations=13 (full 0):
 garbage-first heap   total 104448K, used 31019K [0x0000000700000000, 0x0000000800000000)
  region size 2048K, 3 young (6144K), 3 survivors (6144K)
 Metaspace       used 46602K, committed 47040K, reserved 1114112K
  class space    used 6158K, committed 6400K, reserved 1048576K
}
Event: 8.482 GC heap before
{Heap before GC invocations=13 (full 0):
 garbage-first heap   total 104448K, used 76075K [0x0000000700000000, 0x0000000800000000)
  region size 2048K, 25 young (51200K), 3 survivors (6144K)
 Metaspace       used 52742K, committed 53184K, reserved 1114112K
  class space    used 7120K, committed 7296K, reserved 1048576K
}
Event: 8.486 GC heap after
{Heap after GC invocations=14 (full 0):
 garbage-first heap   total 104448K, used 33452K [0x0000000700000000, 0x0000000800000000)
  region size 2048K, 3 young (6144K), 3 survivors (6144K)
 Metaspace       used 52742K, committed 53184K, reserved 1114112K
  class space    used 7120K, committed 7296K, reserved 1048576K
}
Event: 9.087 GC heap before
{Heap before GC invocations=14 (full 0):
 garbage-first heap   total 104448K, used 76460K [0x0000000700000000, 0x0000000800000000)
  region size 2048K, 25 young (51200K), 3 survivors (6144K)
 Metaspace       used 58197K, committed 58688K, reserved 1114112K
  class space    used 7838K, committed 8064K, reserved 1048576K
}
Event: 9.090 GC heap after
{Heap after GC invocations=15 (full 0):
 garbage-first heap   total 104448K, used 35408K [0x0000000700000000, 0x0000000800000000)
  region size 2048K, 3 young (6144K), 3 survivors (6144K)
 Metaspace       used 58197K, committed 58688K, reserved 1114112K
  class space    used 7838K, committed 8064K, reserved 1048576K
}
Event: 9.248 GC heap before
{Heap before GC invocations=15 (full 0):
 garbage-first heap   total 104448K, used 45648K [0x0000000700000000, 0x0000000800000000)
  region size 2048K, 9 young (18432K), 3 survivors (6144K)
 Metaspace       used 59827K, committed 60288K, reserved 1114112K
  class space    used 8086K, committed 8320K, reserved 1048576K
}
Event: 9.251 GC heap after
{Heap after GC invocations=16 (full 0):
 garbage-first heap   total 104448K, used 36075K [0x0000000700000000, 0x0000000800000000)
  region size 2048K, 2 young (4096K), 2 survivors (4096K)
 Metaspace       used 59827K, committed 60288K, reserved 1114112K
  class space    used 8086K, committed 8320K, reserved 1048576K
}

Dll operation events (2 events):
Event: 0.006 Loaded shared library E:\Android\jbr\bin\java.dll
Event: 0.294 Loaded shared library E:\Android\jbr\bin\verify.dll

Deoptimization events (20 events):
Event: 9.379 Thread 0x000001ece89bd950 Uncommon trap: trap_request=0xffffff45 fr.pc=0x000001eccf908bf4 relative=0x00000000000002d4
Event: 9.379 Thread 0x000001ece89bd950 Uncommon trap: reason=unstable_if action=reinterpret pc=0x000001eccf908bf4 method=java.util.HashMap.getNode(Ljava/lang/Object;)Ljava/util/HashMap$Node; @ 85 c2
Event: 9.379 Thread 0x000001ece89bd950 DEOPT PACKING pc=0x000001eccf908bf4 sp=0x000000915d4f6d00
Event: 9.379 Thread 0x000001ece89bd950 DEOPT UNPACKING pc=0x000001eccf1769a3 sp=0x000000915d4f6c20 mode 2
Event: 9.379 Thread 0x000001ece89bd950 Uncommon trap: trap_request=0xffffff45 fr.pc=0x000001eccf839dfc relative=0x000000000000025c
Event: 9.379 Thread 0x000001ece89bd950 Uncommon trap: reason=unstable_if action=reinterpret pc=0x000001eccf839dfc method=java.util.HashMap.getNode(Ljava/lang/Object;)Ljava/util/HashMap$Node; @ 85 c2
Event: 9.379 Thread 0x000001ece89bd950 DEOPT PACKING pc=0x000001eccf839dfc sp=0x000000915d4f6ca0
Event: 9.379 Thread 0x000001ece89bd950 DEOPT UNPACKING pc=0x000001eccf1769a3 sp=0x000000915d4f6c20 mode 2
Event: 9.411 Thread 0x000001ece89bd950 Uncommon trap: trap_request=0xffffff45 fr.pc=0x000001eccf750768 relative=0x0000000000003e88
Event: 9.411 Thread 0x000001ece89bd950 Uncommon trap: reason=unstable_if action=reinterpret pc=0x000001eccf750768 method=java.lang.String.split(Ljava/lang/String;I)[Ljava/lang/String; @ 209 c2
Event: 9.411 Thread 0x000001ece89bd950 DEOPT PACKING pc=0x000001eccf750768 sp=0x000000915d4f8290
Event: 9.411 Thread 0x000001ece89bd950 DEOPT UNPACKING pc=0x000001eccf1769a3 sp=0x000000915d4f8260 mode 2
Event: 9.418 Thread 0x000001ece89bd950 Uncommon trap: trap_request=0xffffff45 fr.pc=0x000001eccf93fbc4 relative=0x0000000000000764
Event: 9.418 Thread 0x000001ece89bd950 Uncommon trap: reason=unstable_if action=reinterpret pc=0x000001eccf93fbc4 method=java.util.HashMap.putVal(ILjava/lang/Object;Ljava/lang/Object;ZZ)Ljava/lang/Object; @ 109 c2
Event: 9.418 Thread 0x000001ece89bd950 DEOPT PACKING pc=0x000001eccf93fbc4 sp=0x000000915d4f66f0
Event: 9.418 Thread 0x000001ece89bd950 DEOPT UNPACKING pc=0x000001eccf1769a3 sp=0x000000915d4f6608 mode 2
Event: 9.418 Thread 0x000001ece89bd950 Uncommon trap: trap_request=0xffffff45 fr.pc=0x000001eccf7fbf30 relative=0x00000000000006d0
Event: 9.418 Thread 0x000001ece89bd950 Uncommon trap: reason=unstable_if action=reinterpret pc=0x000001eccf7fbf30 method=java.util.HashMap.putVal(ILjava/lang/Object;Ljava/lang/Object;ZZ)Ljava/lang/Object; @ 109 c2
Event: 9.418 Thread 0x000001ece89bd950 DEOPT PACKING pc=0x000001eccf7fbf30 sp=0x000000915d4f6640
Event: 9.418 Thread 0x000001ece89bd950 DEOPT UNPACKING pc=0x000001eccf1769a3 sp=0x000000915d4f65f8 mode 2

Classes unloaded (0 events):
No events

Classes redefined (0 events):
No events

Internal exceptions (20 events):
Event: 7.265 Thread 0x000001ece89bd950 Exception <a 'java/lang/NoSuchMethodError'{0x000000070bc4d940}: 'java.lang.Object java.lang.invoke.DirectMethodHandle$Holder.invokeStatic(java.lang.Object, java.lang.Object, java.lang.Object, java.lang.Object, java.lang.Object, java.lang.Object, java.lang.Object, java.lang.Object, java.lang.Object, java.lang.Object, java.lang.Object, java.lang.Object, java.lang.Object, java.lang.Object, java.lang.Object, java.lang.Object, java.lang.Object, java.lang.Object, java.lang.Object, java.lang.Object, java.lang.Obj
Event: 7.267 Thread 0x000001ece89bd950 Exception <a 'java/lang/NoSuchMethodError'{0x000000070bc7ac30}: 'java.lang.Object java.lang.invoke.DirectMethodHandle$Holder.invokeStatic(java.lang.Object, java.lang.Object, java.lang.Object, java.lang.Object, java.lang.Object, java.lang.Object, java.lang.Object, java.lang.Object, java.lang.Object, java.lang.Object, java.lang.Object, java.lang.Object, java.lang.Object, java.lang.Object, java.lang.Object, java.lang.Object, java.lang.Object, java.lang.Object, java.lang.Object, java.lang.Object, java.lang.Obj
Event: 7.269 Thread 0x000001ece89bd950 Exception <a 'java/lang/NoSuchMethodError'{0x000000070bca97d8}: 'java.lang.Object java.lang.invoke.DirectMethodHandle$Holder.invokeStatic(java.lang.Object, java.lang.Object, java.lang.Object, java.lang.Object, java.lang.Object, java.lang.Object, java.lang.Object, java.lang.Object, java.lang.Object, java.lang.Object, java.lang.Object, java.lang.Object, java.lang.Object, java.lang.Object, java.lang.Object, java.lang.Object, java.lang.Object, java.lang.Object, java.lang.Object, java.lang.Object, java.lang.Obj
Event: 7.371 Thread 0x000001ece89bd950 Exception <a 'java/lang/IncompatibleClassChangeError'{0x00000007050c6188}: Found class java.lang.Object, but interface was expected> (0x00000007050c6188) 
thrown [s\src\hotspot\share\interpreter\linkResolver.cpp, line 838]
Event: 7.494 Thread 0x000001ece89bd950 Exception <a 'java/lang/IncompatibleClassChangeError'{0x0000000704a8c690}: Found class java.lang.Object, but interface was expected> (0x0000000704a8c690) 
thrown [s\src\hotspot\share\interpreter\linkResolver.cpp, line 838]
Event: 7.521 Thread 0x000001ece89bd950 Exception <a 'java/lang/NoSuchMethodError'{0x0000000704829c98}: 'int java.lang.invoke.DirectMethodHandle$Holder.invokeStaticInit(java.lang.Object, java.lang.Object, java.lang.Object, java.lang.Object, java.lang.Object)'> (0x0000000704829c98) 
thrown [s\src\hotspot\share\interpreter\linkResolver.cpp, line 771]
Event: 7.591 Thread 0x000001ece89bd950 Implicit null exception at 0x000001eccf8686ec to 0x000001eccf86879c
Event: 8.093 Thread 0x000001ece89bd950 Exception <a 'java/lang/NoSuchMethodError'{0x000000070520fae8}: 'java.lang.Object java.lang.invoke.DirectMethodHandle$Holder.newInvokeSpecial(java.lang.Object, int, java.lang.Object)'> (0x000000070520fae8) 
thrown [s\src\hotspot\share\interpreter\linkResolver.cpp, line 771]
Event: 8.210 Thread 0x000001ece89bd950 Exception <a 'java/lang/NoSuchMethodError'{0x0000000704af2c48}: 'java.lang.Object java.lang.invoke.DirectMethodHandle$Holder.newInvokeSpecial(java.lang.Object, java.lang.Object, java.lang.Object, java.lang.Object, int)'> (0x0000000704af2c48) 
thrown [s\src\hotspot\share\interpreter\linkResolver.cpp, line 771]
Event: 8.210 Thread 0x000001ece89bd950 Exception <a 'java/lang/NoSuchMethodError'{0x0000000704af8f60}: 'java.lang.Object java.lang.invoke.DirectMethodHandle$Holder.invokeSpecial(java.lang.Object, java.lang.Object, java.lang.Object, java.lang.Object, java.lang.Object, int)'> (0x0000000704af8f60) 
thrown [s\src\hotspot\share\interpreter\linkResolver.cpp, line 771]
Event: 8.210 Thread 0x000001ece89bd950 Exception <a 'java/lang/NoSuchMethodError'{0x0000000704afec28}: 'java.lang.Object java.lang.invoke.Invokers$Holder.linkToTargetMethod(java.lang.Object, java.lang.Object, java.lang.Object, int, java.lang.Object)'> (0x0000000704afec28) 
thrown [s\src\hotspot\share\interpreter\linkResolver.cpp, line 771]
Event: 8.270 Thread 0x000001ece89bd950 Exception <a 'java/lang/IncompatibleClassChangeError'{0x00000007048e2588}: Found class java.lang.Object, but interface was expected> (0x00000007048e2588) 
thrown [s\src\hotspot\share\interpreter\linkResolver.cpp, line 838]
Event: 8.414 Thread 0x000001ece89bd950 Exception <a 'java/lang/NoSuchMethodError'{0x0000000703ed79b0}: 'java.lang.Object java.lang.invoke.DirectMethodHandle$Holder.invokeSpecial(java.lang.Object, java.lang.Object, int, java.lang.Object, java.lang.Object, java.lang.Object)'> (0x0000000703ed79b0) 
thrown [s\src\hotspot\share\interpreter\linkResolver.cpp, line 771]
Event: 9.286 Thread 0x000001ece89bd950 Exception <a 'java/lang/NoSuchMethodError'{0x000000070f527a90}: 'int java.lang.invoke.DirectMethodHandle$Holder.invokeSpecialIFC(java.lang.Object, java.lang.Object, java.lang.Object)'> (0x000000070f527a90) 
thrown [s\src\hotspot\share\interpreter\linkResolver.cpp, line 771]
Event: 9.327 Thread 0x000001ece89bd950 Exception <a 'java/lang/NoSuchMethodError'{0x000000070c3c83c8}: 'int java.lang.invoke.DirectMethodHandle$Holder.invokeStatic(java.lang.Object)'> (0x000000070c3c83c8) 
thrown [s\src\hotspot\share\interpreter\linkResolver.cpp, line 771]
Event: 9.327 Thread 0x000001ece89bd950 Exception <a 'java/lang/NoSuchMethodError'{0x000000070c3cc7b8}: 'int java.lang.invoke.DirectMethodHandle$Holder.invokeStaticInit(java.lang.Object)'> (0x000000070c3cc7b8) 
thrown [s\src\hotspot\share\interpreter\linkResolver.cpp, line 771]
Event: 9.335 Thread 0x000001ece89bd950 Exception <a 'java/lang/NoSuchMethodError'{0x000000070c03aed8}: 'java.lang.Object java.lang.invoke.DirectMethodHandle$Holder.newInvokeSpecial(java.lang.Object, java.lang.Object, java.lang.Object, java.lang.Object, java.lang.Object, int)'> (0x000000070c03aed8) 
thrown [s\src\hotspot\share\interpreter\linkResolver.cpp, line 771]
Event: 9.335 Thread 0x000001ece89bd950 Exception <a 'java/lang/NoSuchMethodError'{0x000000070c040088}: 'java.lang.Object java.lang.invoke.DirectMethodHandle$Holder.invokeSpecial(java.lang.Object, java.lang.Object, java.lang.Object, java.lang.Object, java.lang.Object, java.lang.Object, int)'> (0x000000070c040088) 
thrown [s\src\hotspot\share\interpreter\linkResolver.cpp, line 771]
Event: 9.344 Thread 0x000001ece89bd950 Exception <a 'java/lang/NoSuchMethodError'{0x000000070c110a80}: 'void java.lang.invoke.DirectMethodHandle$Holder.invokeStatic(java.lang.Object, java.lang.Object, java.lang.Object, int, java.lang.Object)'> (0x000000070c110a80) 
thrown [s\src\hotspot\share\interpreter\linkResolver.cpp, line 771]
Event: 9.428 Thread 0x000001ece89bd950 Exception <a 'java/lang/NoSuchMethodError'{0x00000007054cd050}: 'java.lang.Object java.lang.invoke.DirectMethodHandle$Holder.newInvokeSpecial(java.lang.Object, java.lang.Object, int)'> (0x00000007054cd050) 
thrown [s\src\hotspot\share\interpreter\linkResolver.cpp, line 771]

VM Operations (20 events):
Event: 9.084 Executing VM operation: HandshakeAllThreads
Event: 9.084 Executing VM operation: HandshakeAllThreads done
Event: 9.087 Executing VM operation: G1CollectForAllocation
Event: 9.090 Executing VM operation: G1CollectForAllocation done
Event: 9.144 Executing VM operation: HandshakeAllThreads
Event: 9.145 Executing VM operation: HandshakeAllThreads done
Event: 9.194 Executing VM operation: HandshakeAllThreads
Event: 9.194 Executing VM operation: HandshakeAllThreads done
Event: 9.227 Executing VM operation: HandshakeAllThreads
Event: 9.227 Executing VM operation: HandshakeAllThreads done
Event: 9.248 Executing VM operation: CollectForMetadataAllocation
Event: 9.251 Executing VM operation: CollectForMetadataAllocation done
Event: 9.264 Executing VM operation: G1PauseRemark
Event: 9.266 Executing VM operation: G1PauseRemark done
Event: 9.271 Executing VM operation: G1PauseCleanup
Event: 9.271 Executing VM operation: G1PauseCleanup done
Event: 9.290 Executing VM operation: HandshakeAllThreads
Event: 9.290 Executing VM operation: HandshakeAllThreads done
Event: 9.306 Executing VM operation: HandshakeAllThreads
Event: 9.306 Executing VM operation: HandshakeAllThreads done

Events (20 events):
Event: 9.232 Thread 0x000001ece37baec0 flushing nmethod 0x000001ecc8424e90
Event: 9.232 Thread 0x000001ece37baec0 flushing nmethod 0x000001ecc8425390
Event: 9.232 Thread 0x000001ece37baec0 flushing nmethod 0x000001ecc8425990
Event: 9.232 Thread 0x000001ece37baec0 flushing nmethod 0x000001ecc8428990
Event: 9.232 Thread 0x000001ece37baec0 flushing nmethod 0x000001ecc842c990
Event: 9.232 Thread 0x000001ece37baec0 flushing nmethod 0x000001ecc842fc10
Event: 9.232 Thread 0x000001ece37baec0 flushing nmethod 0x000001ecc8433610
Event: 9.232 Thread 0x000001ece37baec0 flushing nmethod 0x000001ecc8437910
Event: 9.233 Thread 0x000001ece37baec0 flushing nmethod 0x000001ecc8489a10
Event: 9.233 Thread 0x000001ece37baec0 flushing nmethod 0x000001ecc84ce990
Event: 9.233 Thread 0x000001ece37baec0 flushing nmethod 0x000001ecc8573b90
Event: 9.233 Thread 0x000001ece37baec0 flushing nmethod 0x000001ecc8580d10
Event: 9.233 Thread 0x000001ece37baec0 flushing nmethod 0x000001ecc8581790
Event: 9.233 Thread 0x000001ece37baec0 flushing nmethod 0x000001ecc8583c90
Event: 9.233 Thread 0x000001ece37baec0 flushing nmethod 0x000001ecc8584410
Event: 9.233 Thread 0x000001ece37baec0 flushing nmethod 0x000001ecc858aa90
Event: 9.233 Thread 0x000001ece37baec0 flushing nmethod 0x000001ecc858c010
Event: 9.234 Thread 0x000001ece37baec0 flushing nmethod 0x000001ecc85b6810
Event: 9.234 Thread 0x000001ece37baec0 flushing nmethod 0x000001ecc85c9790
Event: 9.234 Thread 0x000001ece37baec0 flushing nmethod 0x000001ecc862ae90


Dynamic libraries:
0x00007ff6b51e0000 - 0x00007ff6b51ea000 	E:\Android\jbr\bin\java.exe
0x00007ffa5b8f0000 - 0x00007ffa5bae8000 	C:\WINDOWS\SYSTEM32\ntdll.dll
0x00007ffa5ad60000 - 0x00007ffa5ae22000 	C:\WINDOWS\System32\KERNEL32.DLL
0x00007ffa59150000 - 0x00007ffa5944e000 	C:\WINDOWS\System32\KERNELBASE.dll
0x00007ffa595d0000 - 0x00007ffa596d0000 	C:\WINDOWS\System32\ucrtbase.dll
0x00007ffa43380000 - 0x00007ffa43397000 	E:\Android\jbr\bin\jli.dll
0x00007ffa3bf90000 - 0x00007ffa3bfab000 	E:\Android\jbr\bin\VCRUNTIME140.dll
0x00007ffa5ae30000 - 0x00007ffa5afcd000 	C:\WINDOWS\System32\USER32.dll
0x00007ffa59000000 - 0x00007ffa59022000 	C:\WINDOWS\System32\win32u.dll
0x00007ffa46950000 - 0x00007ffa46bea000 	C:\WINDOWS\WinSxS\amd64_microsoft.windows.common-controls_6595b64144ccf1df_6.0.19041.4355_none_60b8b9eb71f62e16\COMCTL32.dll
0x00007ffa5a400000 - 0x00007ffa5a42b000 	C:\WINDOWS\System32\GDI32.dll
0x00007ffa5a1b0000 - 0x00007ffa5a24e000 	C:\WINDOWS\System32\msvcrt.dll
0x00007ffa59030000 - 0x00007ffa59147000 	C:\WINDOWS\System32\gdi32full.dll
0x00007ffa59530000 - 0x00007ffa595cd000 	C:\WINDOWS\System32\msvcp_win.dll
0x00007ffa5a5c0000 - 0x00007ffa5a5ef000 	C:\WINDOWS\System32\IMM32.DLL
0x00007ffa433c0000 - 0x00007ffa433cc000 	E:\Android\jbr\bin\vcruntime140_1.dll
0x00007ff9e6fe0000 - 0x00007ff9e706d000 	E:\Android\jbr\bin\msvcp140.dll
0x00007ff9dc2c0000 - 0x00007ff9dcf43000 	E:\Android\jbr\bin\server\jvm.dll
0x00007ffa5b100000 - 0x00007ffa5b1b2000 	C:\WINDOWS\System32\ADVAPI32.dll
0x00007ffa5b060000 - 0x00007ffa5b100000 	C:\WINDOWS\System32\sechost.dll
0x00007ffa5a080000 - 0x00007ffa5a1a3000 	C:\WINDOWS\System32\RPCRT4.dll
0x00007ffa59450000 - 0x00007ffa59477000 	C:\WINDOWS\System32\bcrypt.dll
0x00007ffa58d40000 - 0x00007ffa58d8b000 	C:\WINDOWS\SYSTEM32\POWRPROF.dll
0x00007ffa56600000 - 0x00007ffa56609000 	C:\WINDOWS\SYSTEM32\WSOCK32.dll
0x00007ffa4fb00000 - 0x00007ffa4fb27000 	C:\WINDOWS\SYSTEM32\WINMM.dll
0x00007ffa523f0000 - 0x00007ffa523fa000 	C:\WINDOWS\SYSTEM32\VERSION.dll
0x00007ffa5afd0000 - 0x00007ffa5b03b000 	C:\WINDOWS\System32\WS2_32.dll
0x00007ffa58d20000 - 0x00007ffa58d32000 	C:\WINDOWS\SYSTEM32\UMPDC.dll
0x00007ffa56e30000 - 0x00007ffa56e42000 	C:\WINDOWS\SYSTEM32\kernel.appcore.dll
0x00007ffa3cf80000 - 0x00007ffa3cf8a000 	E:\Android\jbr\bin\jimage.dll
0x00007ffa53240000 - 0x00007ffa53424000 	C:\WINDOWS\SYSTEM32\DBGHELP.DLL
0x00007ffa42d50000 - 0x00007ffa42d84000 	C:\WINDOWS\SYSTEM32\dbgcore.DLL
0x00007ffa59880000 - 0x00007ffa59902000 	C:\WINDOWS\System32\bcryptPrimitives.dll
0x00007ffa227c0000 - 0x00007ffa227e5000 	E:\Android\jbr\bin\java.dll
0x00007ffa3b000000 - 0x00007ffa3b018000 	E:\Android\jbr\bin\zip.dll
0x00007ffa5a5f0000 - 0x00007ffa5ad5f000 	C:\WINDOWS\System32\SHELL32.dll
0x00007ffa57030000 - 0x00007ffa577d4000 	C:\WINDOWS\SYSTEM32\windows.storage.dll
0x00007ffa59b20000 - 0x00007ffa59e73000 	C:\WINDOWS\System32\combase.dll
0x00007ffa588f0000 - 0x00007ffa5891e000 	C:\WINDOWS\SYSTEM32\Wldp.dll
0x00007ffa59e80000 - 0x00007ffa59f4d000 	C:\WINDOWS\System32\OLEAUT32.dll
0x00007ffa5a2c0000 - 0x00007ffa5a36d000 	C:\WINDOWS\System32\SHCORE.dll
0x00007ffa5a430000 - 0x00007ffa5a485000 	C:\WINDOWS\System32\shlwapi.dll
0x00007ffa58ec0000 - 0x00007ffa58ee4000 	C:\WINDOWS\SYSTEM32\profapi.dll
0x00007ffa22420000 - 0x00007ffa22439000 	E:\Android\jbr\bin\net.dll
0x00007ffa55690000 - 0x00007ffa5579d000 	C:\WINDOWS\SYSTEM32\WINHTTP.dll
0x00007ffa58650000 - 0x00007ffa586ba000 	C:\WINDOWS\system32\mswsock.dll
0x00007ffa22400000 - 0x00007ffa22416000 	E:\Android\jbr\bin\nio.dll
0x00007ffa392e0000 - 0x00007ffa392f0000 	E:\Android\jbr\bin\verify.dll
0x00007ffa22320000 - 0x00007ffa22347000 	C:\Users\User\.gradle\native\c067742578af261105cb4f569cf0c3c89f3d7b1fecec35dd04571415982c5e48\windows-amd64\native-platform.dll
0x00007ff9e3870000 - 0x00007ff9e39b4000 	C:\Users\User\.gradle\native\38dada09dfb8b06ba9b0570ebf7e218e3eb74d4ef43ca46872605cf95ebc2f47\windows-amd64\native-platform-file-events.dll
0x00007ffa24030000 - 0x00007ffa24039000 	E:\Android\jbr\bin\management.dll
0x00007ffa22700000 - 0x00007ffa2270b000 	E:\Android\jbr\bin\management_ext.dll
0x00007ffa5a250000 - 0x00007ffa5a258000 	C:\WINDOWS\System32\PSAPI.DLL
0x00007ffa58850000 - 0x00007ffa58868000 	C:\WINDOWS\SYSTEM32\CRYPTSP.dll
0x00007ffa57f70000 - 0x00007ffa57fa4000 	C:\WINDOWS\system32\rsaenh.dll
0x00007ffa58e80000 - 0x00007ffa58eae000 	C:\WINDOWS\SYSTEM32\USERENV.dll
0x00007ffa58840000 - 0x00007ffa5884c000 	C:\WINDOWS\SYSTEM32\CRYPTBASE.dll
0x00007ffa58330000 - 0x00007ffa5836b000 	C:\WINDOWS\SYSTEM32\IPHLPAPI.DLL
0x00007ffa5b050000 - 0x00007ffa5b058000 	C:\WINDOWS\System32\NSI.dll
0x00007ffa55dd0000 - 0x00007ffa55de7000 	C:\WINDOWS\SYSTEM32\dhcpcsvc6.DLL
0x00007ffa55db0000 - 0x00007ffa55dcd000 	C:\WINDOWS\SYSTEM32\dhcpcsvc.DLL
0x00007ffa58370000 - 0x00007ffa5843a000 	C:\WINDOWS\SYSTEM32\DNSAPI.dll
0x00007ffa21ef0000 - 0x00007ffa21ef9000 	E:\Android\jbr\bin\extnet.dll
0x00007ffa56610000 - 0x00007ffa56617000 	C:\WINDOWS\system32\wshunix.dll

dbghelp: loaded successfully - version: 4.0.5 - missing functions: none
symbol engine: initialized successfully - sym options: 0x614 - pdb path: .;E:\Android\jbr\bin;C:\WINDOWS\SYSTEM32;C:\WINDOWS\WinSxS\amd64_microsoft.windows.common-controls_6595b64144ccf1df_6.0.19041.4355_none_60b8b9eb71f62e16;E:\Android\jbr\bin\server;C:\Users\User\.gradle\native\c067742578af261105cb4f569cf0c3c89f3d7b1fecec35dd04571415982c5e48\windows-amd64;C:\Users\User\.gradle\native\38dada09dfb8b06ba9b0570ebf7e218e3eb74d4ef43ca46872605cf95ebc2f47\windows-amd64

VM Arguments:
jvm_args: -XX:MaxMetaspaceSize=2G -XX:+HeapDumpOnOutOfMemoryError --add-opens=java.base/java.util=ALL-UNNAMED --add-opens=java.base/java.lang=ALL-UNNAMED --add-opens=java.base/java.lang.invoke=ALL-UNNAMED --add-opens=java.prefs/java.util.prefs=ALL-UNNAMED --add-opens=java.base/java.nio.charset=ALL-UNNAMED --add-opens=java.base/java.net=ALL-UNNAMED --add-opens=java.base/java.util.concurrent.atomic=ALL-UNNAMED -Xmx4G -Dfile.encoding=windows-1252 -Duser.country=US -Duser.language=en -Duser.variant 
java_command: org.gradle.launcher.daemon.bootstrap.GradleDaemon 7.6.3
java_class_path (initial): C:\Users\User\.gradle\wrapper\dists\gradle-7.6.3-all\aocdy2d2z8kodnny3rsumj8i8\gradle-7.6.3\lib\gradle-launcher-7.6.3.jar
Launcher Type: SUN_STANDARD

[Global flags]
     intx CICompilerCount                          = 4                                         {product} {ergonomic}
     uint ConcGCThreads                            = 3                                         {product} {ergonomic}
     uint G1ConcRefinementThreads                  = 10                                        {product} {ergonomic}
   size_t G1HeapRegionSize                         = 2097152                                   {product} {ergonomic}
    uintx GCDrainStackTargetSize                   = 64                                        {product} {ergonomic}
     bool HeapDumpOnOutOfMemoryError               = true                                   {manageable} {command line}
   size_t InitialHeapSize                          = 257949696                                 {product} {ergonomic}
   size_t MarkStackSize                            = 4194304                                   {product} {ergonomic}
   size_t MaxHeapSize                              = 4294967296                                {product} {command line}
   size_t MaxMetaspaceSize                         = 2147483648                                {product} {command line}
   size_t MaxNewSize                               = 2575302656                                {product} {ergonomic}
   size_t MinHeapDeltaBytes                        = 2097152                                   {product} {ergonomic}
   size_t MinHeapSize                              = 8388608                                   {product} {ergonomic}
    uintx NonNMethodCodeHeapSize                   = 5839372                                {pd product} {ergonomic}
    uintx NonProfiledCodeHeapSize                  = 122909434                              {pd product} {ergonomic}
    uintx ProfiledCodeHeapSize                     = 122909434                              {pd product} {ergonomic}
    uintx ReservedCodeCacheSize                    = 251658240                              {pd product} {ergonomic}
     bool SegmentedCodeCache                       = true                                      {product} {ergonomic}
   size_t SoftMaxHeapSize                          = 4294967296                             {manageable} {ergonomic}
     bool UseCompressedClassPointers               = true                           {product lp64_product} {ergonomic}
     bool UseCompressedOops                        = true                           {product lp64_product} {ergonomic}
     bool UseG1GC                                  = true                                      {product} {ergonomic}
     bool UseLargePagesIndividualAllocation        = false                                  {pd product} {ergonomic}

Logging:
Log output configuration:
 #0: stdout all=warning uptime,level,tags
 #1: stderr all=off uptime,level,tags

Environment Variables:
JAVA_HOME=E:\Android\jbr
CLASSPATH=E:\CamHub\android\\gradle\wrapper\gradle-wrapper.jar
PATH=E:\Android\jbr\bin;C:\Program Files\Common Files\Oracle\Java\javapath;C:\WINDOWS\system32;C:\WINDOWS;C:\WINDOWS\System32\Wbem;C:\WINDOWS\System32\WindowsPowerShell\v1.0\;C:\WINDOWS\System32\OpenSSH\;C:\Program Files\Java\jdk-19\bin;C:\Program Files\Git\cmd;E:\Windows Kits\10\Windows Performance Toolkit\;C:\Users\User\AppData\Local\Programs\Python\Launcher\;C:\Users\User\AppData\Local\Microsoft\WindowsApps;C:\Program Files\JetBrains\PyCharm 2023.3.2\bin;;C:\Users\User\AppData\Local\Programs\MiKTeX\miktex\bin\x64\;C:\Users\User\AppData\Local\Programs\Microsoft VS Code\bin;C:\iverilog\bin;E:\Flutter\flutter\bin;;E:\Flutter\flutter\bin\mingit\cmd;E:\Flutter\flutter\bin\mingit\cmd
USERNAME=User
OS=Windows_NT
PROCESSOR_IDENTIFIER=AMD64 Family 23 Model 96 Stepping 1, AuthenticAMD
TMP=C:\Users\User\AppData\Local\Temp
TEMP=C:\Users\User\AppData\Local\Temp



Periodic native trim disabled

JNI global refs:
JNI global refs: 24, weak refs: 2

JNI global refs memory usage: 843, weak refs: 841

Process memory usage:
Resident Set Size: 286680K (1% of 16035908K total physical memory with 505352K free physical memory)

OOME stack traces (most recent first):
Classloader memory used:
Loader org.gradle.internal.classloader.VisitableURLClassLoader                         : 3974K
Loader bootstrap                                                                       : 2552K
Loader org.gradle.initialization.MixInLegacyTypesClassLoader                           : 1081K
Loader jdk.internal.loader.ClassLoaders$PlatformClassLoader                            : 65254B
Loader jdk.internal.loader.ClassLoaders$AppClassLoader                                 : 26016B
Loader jdk.internal.reflect.DelegatingClassLoader                                      : 10901B
Loader org.gradle.internal.classloader.VisitableURLClassLoader                         : 5192B
Loader org.gradle.groovy.scripts.internal.DefaultScriptCompilationHandler$ScriptClassLoader: 5002B
Loader org.codehaus.groovy.runtime.callsite.CallSiteClassLoader                        : 1883B
Loader sun.reflect.misc.MethodUtil                                                     : 373B

Classes loaded by more than one classloader:
Class Program                                                                         : loaded 3 times (x 70B)
Class org.gradle.internal.classpath.ClassPath                                         : loaded 2 times (x 68B)
Class org.gradle.api.internal.classpath.DefaultModuleRegistry                         : loaded 2 times (x 84B)
Class org.gradle.api.Action                                                           : loaded 2 times (x 68B)
Class org.gradle.api.internal.DefaultClassPathProvider                                : loaded 2 times (x 74B)
Class org.gradle.internal.installation.GradleInstallation$1                           : loaded 2 times (x 73B)
Class org.gradle.internal.classloader.FilteringClassLoader                            : loaded 2 times (x 103B)
Class org.gradle.internal.classpath.DefaultClassPath$ImmutableUniqueList$Builder      : loaded 2 times (x 73B)
Class org.gradle.internal.classloader.ClassLoaderVisitor                              : loaded 2 times (x 74B)
Class org.gradle.internal.service.DefaultServiceLocator                               : loaded 2 times (x 81B)
Class org.gradle.internal.service.UnknownServiceException                             : loaded 2 times (x 81B)
Class org.gradle.internal.classloader.DefaultClassLoaderFactory                       : loaded 2 times (x 80B)
Class org.gradle.internal.classloader.VisitableURLClassLoader$Spec                    : loaded 2 times (x 72B)
Class org.gradle.api.GradleException                                                  : loaded 2 times (x 80B)
Class org.gradle.api.internal.classpath.ModuleRegistry                                : loaded 2 times (x 68B)
Class org.gradle.api.internal.ClassPathProvider                                       : loaded 2 times (x 68B)
Class org.gradle.internal.classloader.ClasspathUtil$1                                 : loaded 2 times (x 74B)
Class org.gradle.internal.classloader.ClassLoaderFactory                              : loaded 2 times (x 68B)
Class org.gradle.api.internal.classpath.ManifestUtil                                  : loaded 2 times (x 69B)
Class org.gradle.api.specs.Spec                                                       : loaded 2 times (x 68B)
Class org.gradle.internal.IoActions                                                   : loaded 2 times (x 69B)
Class org.gradle.api.internal.classpath.EffectiveClassPath                            : loaded 2 times (x 88B)
Class org.gradle.internal.installation.CurrentGradleInstallation                      : loaded 2 times (x 71B)
Class org.gradle.internal.installation.CurrentGradleInstallationLocator               : loaded 2 times (x 69B)
Class org.gradle.api.internal.classpath.Module                                        : loaded 2 times (x 68B)
Class org.gradle.internal.service.CachingServiceLocator                               : loaded 2 times (x 80B)
Class org.gradle.internal.classpath.DefaultClassPath                                  : loaded 2 times (x 88B)
Class org.gradle.api.Transformer                                                      : loaded 2 times (x 68B)
Class org.gradle.internal.classloader.SystemClassLoaderSpec                           : loaded 2 times (x 69B)
Class org.gradle.api.UncheckedIOException                                             : loaded 2 times (x 80B)
Class org.gradle.internal.installation.GradleInstallation                             : loaded 2 times (x 73B)
Class org.gradle.internal.classloader.ClasspathUtil                                   : loaded 2 times (x 69B)
Class org.gradle.api.internal.DefaultClassPathRegistry                                : loaded 2 times (x 74B)
Class org.gradle.api.internal.classpath.DefaultModuleRegistry$DefaultModule           : loaded 2 times (x 84B)
Class org.gradle.api.internal.classpath.UnknownModuleException                        : loaded 2 times (x 80B)
Class org.gradle.internal.service.ServiceLookupException                              : loaded 2 times (x 80B)
Class org.gradle.cache.GlobalCache                                                    : loaded 2 times (x 68B)
Class [Lorg.gradle.api.internal.ClassPathProvider;                                    : loaded 2 times (x 67B)
Class org.gradle.util.internal.GUtil                                                  : loaded 2 times (x 69B)
Class org.gradle.internal.classloader.ClassLoaderSpec                                 : loaded 2 times (x 69B)
Class org.gradle.internal.classloader.VisitableURLClassLoader                         : loaded 2 times (x 115B)
Class org.gradle.internal.Cast                                                        : loaded 2 times (x 69B)
Class Build_gradle                                                                    : loaded 2 times (x 128B)
Class org.gradle.api.internal.ClassPathRegistry                                       : loaded 2 times (x 68B)
Class org.gradle.internal.classloader.ClassLoaderHierarchy                            : loaded 2 times (x 68B)
Class org.gradle.internal.service.ServiceLocator                                      : loaded 2 times (x 68B)
Class org.gradle.internal.classpath.DefaultClassPath$ImmutableUniqueList              : loaded 2 times (x 159B)


---------------  S Y S T E M  ---------------

OS:
 Windows 10 , 64 bit Build 19041 (10.0.19041.4957)
OS uptime: 0 days 2:29 hours

CPU: total 12 (initial active 12) (12 cores per cpu, 2 threads per core) family 23 model 96 stepping 1 microcode 0x0, cx8, cmov, fxsr, ht, mmx, 3dnowpref, sse, sse2, sse3, ssse3, sse4a, sse4.1, sse4.2, popcnt, lzcnt, tsc, tscinvbit, avx, avx2, aes, clmul, bmi1, bmi2, adx, sha, fma, vzeroupper, clflush, clflushopt
Processor Information for all 12 processors :
  Max Mhz: 3701, Current Mhz: 3701, Mhz Limit: 3701

Memory: 4k page, system-wide physical 15660M (493M free)
TotalPageFile size 19684M (AvailPageFile size 6M)
current process WorkingSet (physical memory assigned to process): 280M, peak: 281M
current process commit charge ("private bytes"): 315M, peak: 376M

vm_info: OpenJDK 64-Bit Server VM (17.0.11+0--11852314) for windows-amd64 JRE (17.0.11+0--11852314), built on May 16 2024 21:29:20 by "androidbuild" with MS VC++ 16.10 / 16.11 (VS2019)

END.
