#
# There is insufficient memory for the Java Runtime Environment to continue.
# Native memory allocation (malloc) failed to allocate 32744 bytes. Error detail: ChunkPool::allocate
# Possible reasons:
#   The system is out of physical RAM or swap space
#   This process is running with CompressedOops enabled, and the Java Heap may be blocking the growth of the native heap
# Possible solutions:
#   Reduce memory load on the system
#   Increase physical memory or swap space
#   Check if swap backing store is full
#   Decrease Java heap size (-Xmx/-Xms)
#   Decrease number of Java threads
#   Decrease Java thread stack sizes (-Xss)
#   Set larger code cache with -XX:ReservedCodeCacheSize=
#   JVM is running with Zero Based Compressed Oops mode in which the Java heap is
#     placed in the first 32GB address space. The Java Heap base address is the
#     maximum limit for the native heap growth. Please use -XX:HeapBaseMinAddress
#     to set the Java Heap base and to place the Java Heap above 32GB virtual address.
# This output file may be truncated or incomplete.
#
#  Out of Memory Error (arena.cpp:79), pid=11520, tid=6056
#
# JRE version: OpenJDK Runtime Environment (17.0.11) (build 17.0.11+0--11852314)
# Java VM: OpenJDK 64-Bit Server VM (17.0.11+0--11852314, mixed mode, tiered, compressed oops, compressed class ptrs, g1 gc, windows-amd64)
# No core dump will be written. Minidumps are not enabled by default on client versions of Windows
#

---------------  S U M M A R Y ------------

Command Line: -Dorg.gradle.appname=gradlew org.gradle.wrapper.GradleWrapperMain -q -Ptarget-platform=android-x86 -Ptarget=E:\CamHub\lib\main.dart -Pbase-application-name=android.app.Application -Pdart-obfuscation=false -Ptrack-widget-creation=true -Ptree-shake-icons=false -Pfilesystem-scheme=org-dartlang-root assembleDebug

Host: AMD Ryzen 5 4600G with Radeon Graphics, 12 cores, 15G,  Windows 10 , 64 bit Build 19041 (10.0.19041.5198)
Time: Tue Dec 17 15:39:09 2024 China Standard Time elapsed time: 161.235984 seconds (0d 0h 2m 41s)

---------------  T H R E A D  ---------------

Current thread (0x0000016469b62140):  JavaThread "C2 CompilerThread0" daemon [_thread_in_native, id=6056, stack(0x0000003e85300000,0x0000003e85400000)]


Current CompileTask:
C2: 161238 1741   !   4       jdk.proxy1.$Proxy0::onOutput (34 bytes)

Stack: [0x0000003e85300000,0x0000003e85400000]
Native frames: (J=compiled Java code, j=interpreted, Vv=VM code, C=native code)
V  [jvm.dll+0x687bb9]
V  [jvm.dll+0x84142a]
V  [jvm.dll+0x8430ae]
V  [jvm.dll+0x843713]
V  [jvm.dll+0x24a35f]
V  [jvm.dll+0xac741]
V  [jvm.dll+0xacb8c]
V  [jvm.dll+0x2a69e5]
V  [jvm.dll+0x75ec8a]
V  [jvm.dll+0x5a2d1b]
V  [jvm.dll+0x58f3ba]
V  [jvm.dll+0x2247e2]
V  [jvm.dll+0x21d99f]
V  [jvm.dll+0x21b201]
V  [jvm.dll+0x1a63ed]
V  [jvm.dll+0x22b1ee]
V  [jvm.dll+0x229375]
V  [jvm.dll+0x7f5647]
V  [jvm.dll+0x7efa4a]
V  [jvm.dll+0x686a35]
C  [ucrtbase.dll+0x21bb2]
C  [KERNEL32.DLL+0x17374]
C  [ntdll.dll+0x4cc91]


---------------  P R O C E S S  ---------------

Threads class SMR info:
_java_thread_list=0x000001646e797a40, length=15, elements={
0x000001644b161a20, 0x0000016469b2d270, 0x0000016469b2e700, 0x0000016469b1a050,
0x0000016469b5e010, 0x0000016469b5e9d0, 0x0000016469b613a0, 0x0000016469b62140,
0x0000016469b62bf0, 0x0000016469b64720, 0x0000016469cffaa0, 0x0000016469d013f0,
0x0000016469cfe660, 0x0000016469d00ee0, 0x0000016469cff590
}

Java Threads: ( => current thread )
  0x000001644b161a20 JavaThread "main" [_thread_in_native, id=1920, stack(0x0000003e84600000,0x0000003e84700000)]
  0x0000016469b2d270 JavaThread "Reference Handler" daemon [_thread_blocked, id=2744, stack(0x0000003e84d00000,0x0000003e84e00000)]
  0x0000016469b2e700 JavaThread "Finalizer" daemon [_thread_blocked, id=6740, stack(0x0000003e84e00000,0x0000003e84f00000)]
  0x0000016469b1a050 JavaThread "Signal Dispatcher" daemon [_thread_blocked, id=6824, stack(0x0000003e84f00000,0x0000003e85000000)]
  0x0000016469b5e010 JavaThread "Attach Listener" daemon [_thread_blocked, id=11300, stack(0x0000003e85000000,0x0000003e85100000)]
  0x0000016469b5e9d0 JavaThread "Service Thread" daemon [_thread_blocked, id=2756, stack(0x0000003e85100000,0x0000003e85200000)]
  0x0000016469b613a0 JavaThread "Monitor Deflation Thread" daemon [_thread_blocked, id=10968, stack(0x0000003e85200000,0x0000003e85300000)]
=>0x0000016469b62140 JavaThread "C2 CompilerThread0" daemon [_thread_in_native, id=6056, stack(0x0000003e85300000,0x0000003e85400000)]
  0x0000016469b62bf0 JavaThread "C1 CompilerThread0" daemon [_thread_blocked, id=13008, stack(0x0000003e85400000,0x0000003e85500000)]
  0x0000016469b64720 JavaThread "Sweeper thread" daemon [_thread_blocked, id=4128, stack(0x0000003e85500000,0x0000003e85600000)]
  0x0000016469cffaa0 JavaThread "Notification Thread" daemon [_thread_blocked, id=4104, stack(0x0000003e85600000,0x0000003e85700000)]
  0x0000016469d013f0 JavaThread "Common-Cleaner" daemon [_thread_blocked, id=11120, stack(0x0000003e85800000,0x0000003e85900000)]
  0x0000016469cfe660 JavaThread "pool-1-thread-1" [_thread_blocked, id=11024, stack(0x0000003e85e00000,0x0000003e85f00000)]
  0x0000016469d00ee0 JavaThread "DisconnectableInputStream source reader" daemon [_thread_in_native, id=14180, stack(0x0000003e85900000,0x0000003e85a00000)]
  0x0000016469cff590 JavaThread "Forward input" [_thread_blocked, id=13024, stack(0x0000003e86000000,0x0000003e86100000)]

Other Threads:
  0x0000016469b09640 VMThread "VM Thread" [stack: 0x0000003e84c00000,0x0000003e84d00000] [id=7320]
  0x0000016469d04260 WatcherThread [stack: 0x0000003e85700000,0x0000003e85800000] [id=3428]
  0x000001644b1c8ac0 GCTaskThread "GC Thread#0" [stack: 0x0000003e84700000,0x0000003e84800000] [id=7344]
  0x000001646e554da0 GCTaskThread "GC Thread#1" [stack: 0x0000003e85a00000,0x0000003e85b00000] [id=8088]
  0x000001646e838a10 GCTaskThread "GC Thread#2" [stack: 0x0000003e85b00000,0x0000003e85c00000] [id=6336]
  0x000001646e838cd0 GCTaskThread "GC Thread#3" [stack: 0x0000003e85c00000,0x0000003e85d00000] [id=7472]
  0x000001646e8e3290 GCTaskThread "GC Thread#4" [stack: 0x0000003e85d00000,0x0000003e85e00000] [id=10036]
  0x0000016448ff7d20 GCTaskThread "GC Thread#5" [stack: 0x0000003e84300000,0x0000003e84400000] [id=1424]
  0x000001646f19cd70 GCTaskThread "GC Thread#6" [stack: 0x0000003e84400000,0x0000003e84500000] [id=2168]
  0x000001646e789c80 GCTaskThread "GC Thread#7" [stack: 0x0000003e84500000,0x0000003e84600000] [id=1348]
  0x000001646e8d73b0 GCTaskThread "GC Thread#8" [stack: 0x0000003e86300000,0x0000003e86400000] [id=12756]
  0x000001646e8d7a80 GCTaskThread "GC Thread#9" [stack: 0x0000003e86400000,0x0000003e86500000] [id=6540]
  0x000001644b1d8dd0 ConcurrentGCThread "G1 Main Marker" [stack: 0x0000003e84800000,0x0000003e84900000] [id=10212]
  0x000001644b1d96f0 ConcurrentGCThread "G1 Conc#0" [stack: 0x0000003e84900000,0x0000003e84a00000] [id=6264]
  0x000001644b21d6e0 ConcurrentGCThread "G1 Refine#0" [stack: 0x0000003e84a00000,0x0000003e84b00000] [id=5592]
  0x000001644b21e010 ConcurrentGCThread "G1 Service" [stack: 0x0000003e84b00000,0x0000003e84c00000] [id=12668]

Threads with active compile tasks:
C2 CompilerThread0   161280 1741   !   4       jdk.proxy1.$Proxy0::onOutput (34 bytes)

VM state: not at safepoint (normal execution)

VM Mutex/Monitor currently owned by a thread: None

Heap address: 0x000000070b400000, size: 3916 MB, Compressed Oops mode: Zero based, Oop shift amount: 3

CDS archive(s) not mapped
Compressed class space mapped at: 0x0000000800000000-0x0000000840000000, reserved size: 1073741824
Narrow klass base: 0x0000000800000000, Narrow klass shift: 0, Narrow klass range: 0x40000000

GC Precious Log:
 CPUs: 12 total, 12 available
 Memory: 15660M
 Large Page Support: Disabled
 NUMA Support: Disabled
 Compressed Oops: Enabled (Zero based)
 Heap Region Size: 2M
 Heap Min Capacity: 8M
 Heap Initial Capacity: 246M
 Heap Max Capacity: 3916M
 Pre-touch: Disabled
 Parallel Workers: 10
 Concurrent Workers: 3
 Concurrent Refinement Workers: 10
 Periodic GC: Disabled

Heap:
 garbage-first heap   total 251904K, used 13021K [0x000000070b400000, 0x0000000800000000)
  region size 2048K, 3 young (6144K), 2 survivors (4096K)
 Metaspace       used 18616K, committed 18816K, reserved 1114112K
  class space    used 2093K, committed 2176K, reserved 1048576K

Heap Regions: E=young(eden), S=young(survivor), O=old, HS=humongous(starts), HC=humongous(continues), CS=collection set, F=free, OA=open archive, CA=closed archive, TAMS=top-at-mark-start (previous, next)
|   0|0x000000070b400000, 0x000000070b600000, 0x000000070b600000|100%|HS|  |TAMS 0x000000070b400000, 0x000000070b400000| Complete 
|   1|0x000000070b600000, 0x000000070b800000, 0x000000070b800000|100%|HC|  |TAMS 0x000000070b600000, 0x000000070b600000| Complete 
|   2|0x000000070b800000, 0x000000070ba00000, 0x000000070ba00000|100%| O|  |TAMS 0x000000070b800000, 0x000000070b800000| Untracked 
|   3|0x000000070ba00000, 0x000000070bc00000, 0x000000070bc00000|100%| O|  |TAMS 0x000000070ba00000, 0x000000070ba00000| Untracked 
|   4|0x000000070bc00000, 0x000000070bde2a00, 0x000000070be00000| 94%| O|  |TAMS 0x000000070bc00000, 0x000000070bc00000| Untracked 
|   5|0x000000070be00000, 0x000000070be00000, 0x000000070c000000|  0%| F|  |TAMS 0x000000070be00000, 0x000000070be00000| Untracked 
|   6|0x000000070c000000, 0x000000070c000000, 0x000000070c200000|  0%| F|  |TAMS 0x000000070c000000, 0x000000070c000000| Untracked 
|   7|0x000000070c200000, 0x000000070c200000, 0x000000070c400000|  0%| F|  |TAMS 0x000000070c200000, 0x000000070c200000| Untracked 
|   8|0x000000070c400000, 0x000000070c400000, 0x000000070c600000|  0%| F|  |TAMS 0x000000070c400000, 0x000000070c400000| Untracked 
|   9|0x000000070c600000, 0x000000070c600000, 0x000000070c800000|  0%| F|  |TAMS 0x000000070c600000, 0x000000070c600000| Untracked 
|  10|0x000000070c800000, 0x000000070c800000, 0x000000070ca00000|  0%| F|  |TAMS 0x000000070c800000, 0x000000070c800000| Untracked 
|  11|0x000000070ca00000, 0x000000070ca00000, 0x000000070cc00000|  0%| F|  |TAMS 0x000000070ca00000, 0x000000070ca00000| Untracked 
|  12|0x000000070cc00000, 0x000000070cc00000, 0x000000070ce00000|  0%| F|  |TAMS 0x000000070cc00000, 0x000000070cc00000| Untracked 
|  13|0x000000070ce00000, 0x000000070ce00000, 0x000000070d000000|  0%| F|  |TAMS 0x000000070ce00000, 0x000000070ce00000| Untracked 
|  14|0x000000070d000000, 0x000000070d000000, 0x000000070d200000|  0%| F|  |TAMS 0x000000070d000000, 0x000000070d000000| Untracked 
|  15|0x000000070d200000, 0x000000070d200000, 0x000000070d400000|  0%| F|  |TAMS 0x000000070d200000, 0x000000070d200000| Untracked 
|  16|0x000000070d400000, 0x000000070d400000, 0x000000070d600000|  0%| F|  |TAMS 0x000000070d400000, 0x000000070d400000| Untracked 
|  17|0x000000070d600000, 0x000000070d600000, 0x000000070d800000|  0%| F|  |TAMS 0x000000070d600000, 0x000000070d600000| Untracked 
|  18|0x000000070d800000, 0x000000070d800000, 0x000000070da00000|  0%| F|  |TAMS 0x000000070d800000, 0x000000070d800000| Untracked 
|  19|0x000000070da00000, 0x000000070da00000, 0x000000070dc00000|  0%| F|  |TAMS 0x000000070da00000, 0x000000070da00000| Untracked 
|  20|0x000000070dc00000, 0x000000070dc00000, 0x000000070de00000|  0%| F|  |TAMS 0x000000070dc00000, 0x000000070dc00000| Untracked 
|  21|0x000000070de00000, 0x000000070de00000, 0x000000070e000000|  0%| F|  |TAMS 0x000000070de00000, 0x000000070de00000| Untracked 
|  22|0x000000070e000000, 0x000000070e000000, 0x000000070e200000|  0%| F|  |TAMS 0x000000070e000000, 0x000000070e000000| Untracked 
|  23|0x000000070e200000, 0x000000070e200000, 0x000000070e400000|  0%| F|  |TAMS 0x000000070e200000, 0x000000070e200000| Untracked 
|  24|0x000000070e400000, 0x000000070e400000, 0x000000070e600000|  0%| F|  |TAMS 0x000000070e400000, 0x000000070e400000| Untracked 
|  25|0x000000070e600000, 0x000000070e600000, 0x000000070e800000|  0%| F|  |TAMS 0x000000070e600000, 0x000000070e600000| Untracked 
|  26|0x000000070e800000, 0x000000070e800000, 0x000000070ea00000|  0%| F|  |TAMS 0x000000070e800000, 0x000000070e800000| Untracked 
|  27|0x000000070ea00000, 0x000000070ea00000, 0x000000070ec00000|  0%| F|  |TAMS 0x000000070ea00000, 0x000000070ea00000| Untracked 
|  28|0x000000070ec00000, 0x000000070ec00000, 0x000000070ee00000|  0%| F|  |TAMS 0x000000070ec00000, 0x000000070ec00000| Untracked 
|  29|0x000000070ee00000, 0x000000070ee00000, 0x000000070f000000|  0%| F|  |TAMS 0x000000070ee00000, 0x000000070ee00000| Untracked 
|  30|0x000000070f000000, 0x000000070f000000, 0x000000070f200000|  0%| F|  |TAMS 0x000000070f000000, 0x000000070f000000| Untracked 
|  31|0x000000070f200000, 0x000000070f200000, 0x000000070f400000|  0%| F|  |TAMS 0x000000070f200000, 0x000000070f200000| Untracked 
|  32|0x000000070f400000, 0x000000070f400000, 0x000000070f600000|  0%| F|  |TAMS 0x000000070f400000, 0x000000070f400000| Untracked 
|  33|0x000000070f600000, 0x000000070f600000, 0x000000070f800000|  0%| F|  |TAMS 0x000000070f600000, 0x000000070f600000| Untracked 
|  34|0x000000070f800000, 0x000000070f800000, 0x000000070fa00000|  0%| F|  |TAMS 0x000000070f800000, 0x000000070f800000| Untracked 
|  35|0x000000070fa00000, 0x000000070fa00000, 0x000000070fc00000|  0%| F|  |TAMS 0x000000070fa00000, 0x000000070fa00000| Untracked 
|  36|0x000000070fc00000, 0x000000070fc00000, 0x000000070fe00000|  0%| F|  |TAMS 0x000000070fc00000, 0x000000070fc00000| Untracked 
|  37|0x000000070fe00000, 0x000000070fe00000, 0x0000000710000000|  0%| F|  |TAMS 0x000000070fe00000, 0x000000070fe00000| Untracked 
|  38|0x0000000710000000, 0x0000000710000000, 0x0000000710200000|  0%| F|  |TAMS 0x0000000710000000, 0x0000000710000000| Untracked 
|  39|0x0000000710200000, 0x0000000710200000, 0x0000000710400000|  0%| F|  |TAMS 0x0000000710200000, 0x0000000710200000| Untracked 
|  40|0x0000000710400000, 0x0000000710400000, 0x0000000710600000|  0%| F|  |TAMS 0x0000000710400000, 0x0000000710400000| Untracked 
|  41|0x0000000710600000, 0x0000000710600000, 0x0000000710800000|  0%| F|  |TAMS 0x0000000710600000, 0x0000000710600000| Untracked 
|  42|0x0000000710800000, 0x0000000710800000, 0x0000000710a00000|  0%| F|  |TAMS 0x0000000710800000, 0x0000000710800000| Untracked 
|  43|0x0000000710a00000, 0x0000000710a00000, 0x0000000710c00000|  0%| F|  |TAMS 0x0000000710a00000, 0x0000000710a00000| Untracked 
|  44|0x0000000710c00000, 0x0000000710c00000, 0x0000000710e00000|  0%| F|  |TAMS 0x0000000710c00000, 0x0000000710c00000| Untracked 
|  45|0x0000000710e00000, 0x0000000710e00000, 0x0000000711000000|  0%| F|  |TAMS 0x0000000710e00000, 0x0000000710e00000| Untracked 
|  46|0x0000000711000000, 0x0000000711000000, 0x0000000711200000|  0%| F|  |TAMS 0x0000000711000000, 0x0000000711000000| Untracked 
|  47|0x0000000711200000, 0x0000000711200000, 0x0000000711400000|  0%| F|  |TAMS 0x0000000711200000, 0x0000000711200000| Untracked 
|  48|0x0000000711400000, 0x0000000711400000, 0x0000000711600000|  0%| F|  |TAMS 0x0000000711400000, 0x0000000711400000| Untracked 
|  49|0x0000000711600000, 0x0000000711600000, 0x0000000711800000|  0%| F|  |TAMS 0x0000000711600000, 0x0000000711600000| Untracked 
|  50|0x0000000711800000, 0x0000000711800000, 0x0000000711a00000|  0%| F|  |TAMS 0x0000000711800000, 0x0000000711800000| Untracked 
|  51|0x0000000711a00000, 0x0000000711a00000, 0x0000000711c00000|  0%| F|  |TAMS 0x0000000711a00000, 0x0000000711a00000| Untracked 
|  52|0x0000000711c00000, 0x0000000711c00000, 0x0000000711e00000|  0%| F|  |TAMS 0x0000000711c00000, 0x0000000711c00000| Untracked 
|  53|0x0000000711e00000, 0x0000000711e00000, 0x0000000712000000|  0%| F|  |TAMS 0x0000000711e00000, 0x0000000711e00000| Untracked 
|  54|0x0000000712000000, 0x0000000712000000, 0x0000000712200000|  0%| F|  |TAMS 0x0000000712000000, 0x0000000712000000| Untracked 
|  55|0x0000000712200000, 0x0000000712200000, 0x0000000712400000|  0%| F|  |TAMS 0x0000000712200000, 0x0000000712200000| Untracked 
|  56|0x0000000712400000, 0x0000000712400000, 0x0000000712600000|  0%| F|  |TAMS 0x0000000712400000, 0x0000000712400000| Untracked 
|  57|0x0000000712600000, 0x0000000712600000, 0x0000000712800000|  0%| F|  |TAMS 0x0000000712600000, 0x0000000712600000| Untracked 
|  58|0x0000000712800000, 0x0000000712800000, 0x0000000712a00000|  0%| F|  |TAMS 0x0000000712800000, 0x0000000712800000| Untracked 
|  59|0x0000000712a00000, 0x0000000712a00000, 0x0000000712c00000|  0%| F|  |TAMS 0x0000000712a00000, 0x0000000712a00000| Untracked 
|  60|0x0000000712c00000, 0x0000000712c00000, 0x0000000712e00000|  0%| F|  |TAMS 0x0000000712c00000, 0x0000000712c00000| Untracked 
|  61|0x0000000712e00000, 0x0000000712e00000, 0x0000000713000000|  0%| F|  |TAMS 0x0000000712e00000, 0x0000000712e00000| Untracked 
|  62|0x0000000713000000, 0x0000000713000000, 0x0000000713200000|  0%| F|  |TAMS 0x0000000713000000, 0x0000000713000000| Untracked 
|  63|0x0000000713200000, 0x0000000713200000, 0x0000000713400000|  0%| F|  |TAMS 0x0000000713200000, 0x0000000713200000| Untracked 
|  64|0x0000000713400000, 0x0000000713400000, 0x0000000713600000|  0%| F|  |TAMS 0x0000000713400000, 0x0000000713400000| Untracked 
|  65|0x0000000713600000, 0x0000000713600000, 0x0000000713800000|  0%| F|  |TAMS 0x0000000713600000, 0x0000000713600000| Untracked 
|  66|0x0000000713800000, 0x0000000713800000, 0x0000000713a00000|  0%| F|  |TAMS 0x0000000713800000, 0x0000000713800000| Untracked 
|  67|0x0000000713a00000, 0x0000000713a00000, 0x0000000713c00000|  0%| F|  |TAMS 0x0000000713a00000, 0x0000000713a00000| Untracked 
|  68|0x0000000713c00000, 0x0000000713c00000, 0x0000000713e00000|  0%| F|  |TAMS 0x0000000713c00000, 0x0000000713c00000| Untracked 
|  69|0x0000000713e00000, 0x0000000713e00000, 0x0000000714000000|  0%| F|  |TAMS 0x0000000713e00000, 0x0000000713e00000| Untracked 
|  70|0x0000000714000000, 0x0000000714000000, 0x0000000714200000|  0%| F|  |TAMS 0x0000000714000000, 0x0000000714000000| Untracked 
|  71|0x0000000714200000, 0x0000000714200000, 0x0000000714400000|  0%| F|  |TAMS 0x0000000714200000, 0x0000000714200000| Untracked 
|  72|0x0000000714400000, 0x0000000714400000, 0x0000000714600000|  0%| F|  |TAMS 0x0000000714400000, 0x0000000714400000| Untracked 
|  73|0x0000000714600000, 0x0000000714600000, 0x0000000714800000|  0%| F|  |TAMS 0x0000000714600000, 0x0000000714600000| Untracked 
|  74|0x0000000714800000, 0x0000000714800000, 0x0000000714a00000|  0%| F|  |TAMS 0x0000000714800000, 0x0000000714800000| Untracked 
|  75|0x0000000714a00000, 0x0000000714a00000, 0x0000000714c00000|  0%| F|  |TAMS 0x0000000714a00000, 0x0000000714a00000| Untracked 
|  76|0x0000000714c00000, 0x0000000714c00000, 0x0000000714e00000|  0%| F|  |TAMS 0x0000000714c00000, 0x0000000714c00000| Untracked 
|  77|0x0000000714e00000, 0x0000000714e00000, 0x0000000715000000|  0%| F|  |TAMS 0x0000000714e00000, 0x0000000714e00000| Untracked 
|  78|0x0000000715000000, 0x0000000715000000, 0x0000000715200000|  0%| F|  |TAMS 0x0000000715000000, 0x0000000715000000| Untracked 
|  79|0x0000000715200000, 0x0000000715200000, 0x0000000715400000|  0%| F|  |TAMS 0x0000000715200000, 0x0000000715200000| Untracked 
|  80|0x0000000715400000, 0x0000000715400000, 0x0000000715600000|  0%| F|  |TAMS 0x0000000715400000, 0x0000000715400000| Untracked 
|  81|0x0000000715600000, 0x0000000715600000, 0x0000000715800000|  0%| F|  |TAMS 0x0000000715600000, 0x0000000715600000| Untracked 
|  82|0x0000000715800000, 0x0000000715800000, 0x0000000715a00000|  0%| F|  |TAMS 0x0000000715800000, 0x0000000715800000| Untracked 
|  83|0x0000000715a00000, 0x0000000715a00000, 0x0000000715c00000|  0%| F|  |TAMS 0x0000000715a00000, 0x0000000715a00000| Untracked 
|  84|0x0000000715c00000, 0x0000000715c00000, 0x0000000715e00000|  0%| F|  |TAMS 0x0000000715c00000, 0x0000000715c00000| Untracked 
|  85|0x0000000715e00000, 0x0000000715e00000, 0x0000000716000000|  0%| F|  |TAMS 0x0000000715e00000, 0x0000000715e00000| Untracked 
|  86|0x0000000716000000, 0x0000000716000000, 0x0000000716200000|  0%| F|  |TAMS 0x0000000716000000, 0x0000000716000000| Untracked 
|  87|0x0000000716200000, 0x0000000716200000, 0x0000000716400000|  0%| F|  |TAMS 0x0000000716200000, 0x0000000716200000| Untracked 
|  88|0x0000000716400000, 0x0000000716400000, 0x0000000716600000|  0%| F|  |TAMS 0x0000000716400000, 0x0000000716400000| Untracked 
|  89|0x0000000716600000, 0x0000000716600000, 0x0000000716800000|  0%| F|  |TAMS 0x0000000716600000, 0x0000000716600000| Untracked 
|  90|0x0000000716800000, 0x0000000716800000, 0x0000000716a00000|  0%| F|  |TAMS 0x0000000716800000, 0x0000000716800000| Untracked 
|  91|0x0000000716a00000, 0x0000000716a00000, 0x0000000716c00000|  0%| F|  |TAMS 0x0000000716a00000, 0x0000000716a00000| Untracked 
|  92|0x0000000716c00000, 0x0000000716c00000, 0x0000000716e00000|  0%| F|  |TAMS 0x0000000716c00000, 0x0000000716c00000| Untracked 
|  93|0x0000000716e00000, 0x0000000716e00000, 0x0000000717000000|  0%| F|  |TAMS 0x0000000716e00000, 0x0000000716e00000| Untracked 
|  94|0x0000000717000000, 0x0000000717000000, 0x0000000717200000|  0%| F|  |TAMS 0x0000000717000000, 0x0000000717000000| Untracked 
|  95|0x0000000717200000, 0x0000000717200000, 0x0000000717400000|  0%| F|  |TAMS 0x0000000717200000, 0x0000000717200000| Untracked 
|  96|0x0000000717400000, 0x0000000717400000, 0x0000000717600000|  0%| F|  |TAMS 0x0000000717400000, 0x0000000717400000| Untracked 
|  97|0x0000000717600000, 0x0000000717600000, 0x0000000717800000|  0%| F|  |TAMS 0x0000000717600000, 0x0000000717600000| Untracked 
|  98|0x0000000717800000, 0x0000000717800000, 0x0000000717a00000|  0%| F|  |TAMS 0x0000000717800000, 0x0000000717800000| Untracked 
|  99|0x0000000717a00000, 0x0000000717a00000, 0x0000000717c00000|  0%| F|  |TAMS 0x0000000717a00000, 0x0000000717a00000| Untracked 
| 100|0x0000000717c00000, 0x0000000717c00000, 0x0000000717e00000|  0%| F|  |TAMS 0x0000000717c00000, 0x0000000717c00000| Untracked 
| 101|0x0000000717e00000, 0x0000000717e00000, 0x0000000718000000|  0%| F|  |TAMS 0x0000000717e00000, 0x0000000717e00000| Untracked 
| 102|0x0000000718000000, 0x0000000718000000, 0x0000000718200000|  0%| F|  |TAMS 0x0000000718000000, 0x0000000718000000| Untracked 
| 103|0x0000000718200000, 0x0000000718200000, 0x0000000718400000|  0%| F|  |TAMS 0x0000000718200000, 0x0000000718200000| Untracked 
| 104|0x0000000718400000, 0x0000000718400000, 0x0000000718600000|  0%| F|  |TAMS 0x0000000718400000, 0x0000000718400000| Untracked 
| 105|0x0000000718600000, 0x0000000718600000, 0x0000000718800000|  0%| F|  |TAMS 0x0000000718600000, 0x0000000718600000| Untracked 
| 106|0x0000000718800000, 0x0000000718800000, 0x0000000718a00000|  0%| F|  |TAMS 0x0000000718800000, 0x0000000718800000| Untracked 
| 107|0x0000000718a00000, 0x0000000718ad4bc8, 0x0000000718c00000| 41%| S|CS|TAMS 0x0000000718a00000, 0x0000000718a00000| Complete 
| 108|0x0000000718c00000, 0x0000000718e00000, 0x0000000718e00000|100%| S|CS|TAMS 0x0000000718c00000, 0x0000000718c00000| Complete 
| 109|0x0000000718e00000, 0x0000000718e00000, 0x0000000719000000|  0%| F|  |TAMS 0x0000000718e00000, 0x0000000718e00000| Untracked 
| 110|0x0000000719000000, 0x0000000719000000, 0x0000000719200000|  0%| F|  |TAMS 0x0000000719000000, 0x0000000719000000| Untracked 
| 111|0x0000000719200000, 0x0000000719200000, 0x0000000719400000|  0%| F|  |TAMS 0x0000000719200000, 0x0000000719200000| Untracked 
| 112|0x0000000719400000, 0x0000000719400000, 0x0000000719600000|  0%| F|  |TAMS 0x0000000719400000, 0x0000000719400000| Untracked 
| 113|0x0000000719600000, 0x0000000719600000, 0x0000000719800000|  0%| F|  |TAMS 0x0000000719600000, 0x0000000719600000| Untracked 
| 114|0x0000000719800000, 0x0000000719800000, 0x0000000719a00000|  0%| F|  |TAMS 0x0000000719800000, 0x0000000719800000| Untracked 
| 115|0x0000000719a00000, 0x0000000719a00000, 0x0000000719c00000|  0%| F|  |TAMS 0x0000000719a00000, 0x0000000719a00000| Untracked 
| 116|0x0000000719c00000, 0x0000000719c00000, 0x0000000719e00000|  0%| F|  |TAMS 0x0000000719c00000, 0x0000000719c00000| Untracked 
| 117|0x0000000719e00000, 0x0000000719e00000, 0x000000071a000000|  0%| F|  |TAMS 0x0000000719e00000, 0x0000000719e00000| Untracked 
| 118|0x000000071a000000, 0x000000071a000000, 0x000000071a200000|  0%| F|  |TAMS 0x000000071a000000, 0x000000071a000000| Untracked 
| 119|0x000000071a200000, 0x000000071a200000, 0x000000071a400000|  0%| F|  |TAMS 0x000000071a200000, 0x000000071a200000| Untracked 
| 120|0x000000071a400000, 0x000000071a400000, 0x000000071a600000|  0%| F|  |TAMS 0x000000071a400000, 0x000000071a400000| Untracked 
| 121|0x000000071a600000, 0x000000071a600000, 0x000000071a800000|  0%| F|  |TAMS 0x000000071a600000, 0x000000071a600000| Untracked 
| 122|0x000000071a800000, 0x000000071a9b6438, 0x000000071aa00000| 85%| E|  |TAMS 0x000000071a800000, 0x000000071a800000| Complete 

Card table byte_map: [0x000001645e340000,0x000001645eaf0000] _byte_map_base: 0x000001645aae6000

Marking Bits (Prev, Next): (CMBitMap*) 0x000001644b1c8fe0, (CMBitMap*) 0x000001644b1c9020
 Prev Bits: [0x000001645f2a0000, 0x0000016462fd0000)
 Next Bits: [0x0000016462fd0000, 0x0000016466d00000)

Polling page: 0x000001644a920000

Metaspace:

Usage:
  Non-class:     16.14 MB used.
      Class:      2.04 MB used.
       Both:     18.18 MB used.

Virtual space:
  Non-class space:       64.00 MB reserved,      16.25 MB ( 25%) committed,  1 nodes.
      Class space:        1.00 GB reserved,       2.12 MB ( <1%) committed,  1 nodes.
             Both:        1.06 GB reserved,      18.38 MB (  2%) committed. 

Chunk freelists:
   Non-Class:  14.92 MB
       Class:  13.72 MB
        Both:  28.64 MB

MaxMetaspaceSize: unlimited
CompressedClassSpaceSize: 1.00 GB
Initial GC threshold: 21.00 MB
Current GC threshold: 21.00 MB
CDS: off
MetaspaceReclaimPolicy: balanced
 - commit_granule_bytes: 65536.
 - commit_granule_words: 8192.
 - virtual_space_node_default_size: 8388608.
 - enlarge_chunks_in_place: 1.
 - new_chunks_are_fully_committed: 0.
 - uncommit_free_chunks: 1.
 - use_allocation_guard: 0.
 - handle_deallocations: 1.


Internal statistics:

num_allocs_failed_limit: 0.
num_arena_births: 90.
num_arena_deaths: 0.
num_vsnodes_births: 2.
num_vsnodes_deaths: 0.
num_space_committed: 294.
num_space_uncommitted: 0.
num_chunks_returned_to_freelist: 0.
num_chunks_taken_from_freelist: 351.
num_chunk_merges: 0.
num_chunk_splits: 226.
num_chunks_enlarged: 185.
num_inconsistent_stats: 0.

CodeHeap 'non-profiled nmethods': size=120000Kb used=763Kb max_used=763Kb free=119236Kb
 bounds [0x0000016456110000, 0x0000016456380000, 0x000001645d640000]
CodeHeap 'profiled nmethods': size=120000Kb used=3283Kb max_used=3283Kb free=116716Kb
 bounds [0x000001644e640000, 0x000001644e980000, 0x0000016455b70000]
CodeHeap 'non-nmethods': size=5760Kb used=1180Kb max_used=1204Kb free=4579Kb
 bounds [0x0000016455b70000, 0x0000016455de0000, 0x0000016456110000]
 total_blobs=2222 nmethods=1741 adapters=394
 compilation: enabled
              stopped_count=0, restarted_count=0
 full_count=0

Compilation events (20 events):
Event: 134.898 Thread 0x0000016469b62140 nmethod 1731 0x00000164561ce710 code [0x00000164561ce880, 0x00000164561ce8f8]
Event: 147.195 Thread 0x0000016469b62140 1732       4       java.util.concurrent.locks.AbstractQueuedSynchronizer$Node::setStatusRelaxed (12 bytes)
Event: 147.195 Thread 0x0000016469b62140 nmethod 1732 0x00000164561cea10 code [0x00000164561ceb80, 0x00000164561cebf8]
Event: 159.199 Thread 0x0000016469b62bf0 1733       3       org.gradle.internal.logging.text.AbstractLineChoppingStyledTextOutput$StateContext::next (11 bytes)
Event: 159.199 Thread 0x0000016469b62bf0 nmethod 1733 0x000001644e96d890 code [0x000001644e96da20, 0x000001644e96db38]
Event: 159.199 Thread 0x0000016469b62bf0 1735       3       org.gradle.internal.logging.text.AbstractLineChoppingStyledTextOutput$2::execute (77 bytes)
Event: 159.199 Thread 0x0000016469b62bf0 nmethod 1735 0x000001644e96dc10 code [0x000001644e96dec0, 0x000001644e96ec08]
Event: 159.199 Thread 0x0000016469b62bf0 1734       3       org.gradle.internal.logging.text.AbstractLineChoppingStyledTextOutput::access$900 (4 bytes)
Event: 159.199 Thread 0x0000016469b62bf0 nmethod 1734 0x000001644e96f190 code [0x000001644e96f320, 0x000001644e96f418]
Event: 160.064 Thread 0x0000016469b62bf0 1736       3       org.gradle.internal.logging.serializer.ProgressStartEventSerializer::read (6 bytes)
Event: 160.064 Thread 0x0000016469b62bf0 nmethod 1736 0x000001644e96f490 code [0x000001644e96f640, 0x000001644e96f788]
Event: 160.064 Thread 0x0000016469b62bf0 1737       3       org.gradle.internal.logging.serializer.ProgressStartEventSerializer::read (337 bytes)
Event: 160.065 Thread 0x0000016469b62bf0 nmethod 1737 0x000001644e96f810 code [0x000001644e96fbe0, 0x000001644e971ae8]
Event: 160.097 Thread 0x0000016469b62bf0 1738       3       org.gradle.internal.logging.serializer.ProgressCompleteEventSerializer::read (6 bytes)
Event: 160.097 Thread 0x0000016469b62bf0 nmethod 1738 0x000001644e972510 code [0x000001644e9726c0, 0x000001644e972808]
Event: 160.097 Thread 0x0000016469b62bf0 1739       3       org.gradle.internal.logging.serializer.ProgressCompleteEventSerializer::read (51 bytes)
Event: 160.097 Thread 0x0000016469b62bf0 nmethod 1739 0x000001644e972890 code [0x000001644e972ac0, 0x000001644e9733a8]
Event: 161.221 Thread 0x0000016469b62bf0 1740       3       java.util.ArrayList::<init> (63 bytes)
Event: 161.221 Thread 0x0000016469b62140 1741   !   4       jdk.proxy1.$Proxy0::onOutput (34 bytes)
Event: 161.221 Thread 0x0000016469b62bf0 nmethod 1740 0x000001644e973690 code [0x000001644e973880, 0x000001644e973e38]

GC Heap History (4 events):
Event: 7.020 GC heap before
{Heap before GC invocations=0 (full 0):
 garbage-first heap   total 251904K, used 24576K [0x000000070b400000, 0x0000000800000000)
  region size 2048K, 11 young (22528K), 0 survivors (0K)
 Metaspace       used 11075K, committed 11264K, reserved 1114112K
  class space    used 1149K, committed 1216K, reserved 1048576K
}
Event: 7.025 GC heap after
{Heap after GC invocations=1 (full 0):
 garbage-first heap   total 251904K, used 10087K [0x000000070b400000, 0x0000000800000000)
  region size 2048K, 2 young (4096K), 2 survivors (4096K)
 Metaspace       used 11075K, committed 11264K, reserved 1114112K
  class space    used 1149K, committed 1216K, reserved 1048576K
}
Event: 63.354 GC heap before
{Heap before GC invocations=1 (full 0):
 garbage-first heap   total 251904K, used 34663K [0x000000070b400000, 0x0000000800000000)
  region size 2048K, 14 young (28672K), 2 survivors (4096K)
 Metaspace       used 18578K, committed 18752K, reserved 1114112K
  class space    used 2090K, committed 2176K, reserved 1048576K
}
Event: 63.358 GC heap after
{Heap after GC invocations=2 (full 0):
 garbage-first heap   total 251904K, used 13021K [0x000000070b400000, 0x0000000800000000)
  region size 2048K, 2 young (4096K), 2 survivors (4096K)
 Metaspace       used 18578K, committed 18752K, reserved 1114112K
  class space    used 2090K, committed 2176K, reserved 1048576K
}

Dll operation events (2 events):
Event: 0.004 Loaded shared library E:\Android\jbr\bin\java.dll
Event: 0.193 Loaded shared library E:\Android\jbr\bin\verify.dll

Deoptimization events (20 events):
Event: 76.595 Thread 0x0000016469cfe660 Uncommon trap: trap_request=0xffffff45 fr.pc=0x00000164561b5144 relative=0x0000000000000944
Event: 76.595 Thread 0x0000016469cfe660 Uncommon trap: reason=unstable_if action=reinterpret pc=0x00000164561b5144 method=org.gradle.internal.logging.console.BuildLogLevelFilterRenderer.onOutput(Lorg/gradle/internal/logging/events/OutputEvent;)V @ 18 c2
Event: 76.595 Thread 0x0000016469cfe660 DEOPT PACKING pc=0x00000164561b5144 sp=0x0000003e85eff0e0
Event: 76.595 Thread 0x0000016469cfe660 DEOPT UNPACKING pc=0x0000016455bc69a3 sp=0x0000003e85efef60 mode 2
Event: 80.194 Thread 0x000001644b161a20 Uncommon trap: trap_request=0xffffff45 fr.pc=0x00000164561bb7d4 relative=0x00000000000002f4
Event: 80.194 Thread 0x000001644b161a20 Uncommon trap: reason=unstable_if action=reinterpret pc=0x00000164561bb7d4 method=org.gradle.internal.logging.sink.OutputEventRenderer.onOutput(Lorg/gradle/internal/logging/events/OutputEvent;)V @ 24 c2
Event: 80.194 Thread 0x000001644b161a20 DEOPT PACKING pc=0x00000164561bb7d4 sp=0x0000003e846fcc80
Event: 80.194 Thread 0x000001644b161a20 DEOPT UNPACKING pc=0x0000016455bc69a3 sp=0x0000003e846fcc38 mode 2
Event: 80.194 Thread 0x000001644b161a20 Uncommon trap: trap_request=0xffffffde fr.pc=0x00000164561c3128 relative=0x00000000000022e8
Event: 80.194 Thread 0x000001644b161a20 Uncommon trap: reason=class_check action=maybe_recompile pc=0x00000164561c3128 method=org.gradle.internal.logging.sink.OutputEventTransformer.onOutput(Lorg/gradle/internal/logging/events/OutputEvent;)V @ 287 c2
Event: 80.194 Thread 0x000001644b161a20 DEOPT PACKING pc=0x00000164561c3128 sp=0x0000003e846fcbd0
Event: 80.194 Thread 0x000001644b161a20 DEOPT UNPACKING pc=0x0000016455bc69a3 sp=0x0000003e846fcb98 mode 2
Event: 80.194 Thread 0x000001644b161a20 Uncommon trap: trap_request=0xffffffde fr.pc=0x00000164561c3128 relative=0x00000000000022e8
Event: 80.194 Thread 0x000001644b161a20 Uncommon trap: reason=class_check action=maybe_recompile pc=0x00000164561c3128 method=org.gradle.internal.logging.sink.OutputEventTransformer.onOutput(Lorg/gradle/internal/logging/events/OutputEvent;)V @ 287 c2
Event: 80.194 Thread 0x000001644b161a20 DEOPT PACKING pc=0x00000164561c3128 sp=0x0000003e846fcbe0
Event: 80.194 Thread 0x000001644b161a20 DEOPT UNPACKING pc=0x0000016455bc69a3 sp=0x0000003e846fcba8 mode 2
Event: 80.209 Thread 0x000001644b161a20 Uncommon trap: trap_request=0xffffffde fr.pc=0x00000164561c3128 relative=0x00000000000022e8
Event: 80.209 Thread 0x000001644b161a20 Uncommon trap: reason=class_check action=maybe_recompile pc=0x00000164561c3128 method=org.gradle.internal.logging.sink.OutputEventTransformer.onOutput(Lorg/gradle/internal/logging/events/OutputEvent;)V @ 287 c2
Event: 80.209 Thread 0x000001644b161a20 DEOPT PACKING pc=0x00000164561c3128 sp=0x0000003e846fcbe0
Event: 80.209 Thread 0x000001644b161a20 DEOPT UNPACKING pc=0x0000016455bc69a3 sp=0x0000003e846fcba8 mode 2

Classes unloaded (0 events):
No events

Classes redefined (0 events):
No events

Internal exceptions (20 events):
Event: 7.012 Thread 0x000001644b161a20 Exception <a 'java/lang/NoSuchMethodError'{0x00000007195c9530}: 'java.lang.Object java.lang.invoke.Invokers$Holder.invoker(java.lang.Object, java.lang.Object, java.lang.Object)'> (0x00000007195c9530) 
thrown [s\src\hotspot\share\interpreter\linkResolver.cpp, line 771]
Event: 7.014 Thread 0x000001644b161a20 Exception <a 'java/lang/NoSuchMethodError'{0x00000007195d25d8}: 'java.lang.Object java.lang.invoke.DirectMethodHandle$Holder.invokeStatic(java.lang.Object, java.lang.Object, int)'> (0x00000007195d25d8) 
thrown [s\src\hotspot\share\interpreter\linkResolver.cpp, line 771]
Event: 7.015 Thread 0x000001644b161a20 Exception <a 'java/lang/NoSuchMethodError'{0x00000007195de2c8}: 'void java.lang.invoke.DelegatingMethodHandle$Holder.delegate(java.lang.Object, java.lang.Object, int, java.lang.Object)'> (0x00000007195de2c8) 
thrown [s\src\hotspot\share\interpreter\linkResolver.cpp, line 771]
Event: 7.015 Thread 0x000001644b161a20 Exception <a 'java/lang/NoSuchMethodError'{0x00000007195e2410}: 'int java.lang.invoke.DirectMethodHandle$Holder.invokeSpecial(java.lang.Object, java.lang.Object, java.lang.Object)'> (0x00000007195e2410) 
thrown [s\src\hotspot\share\interpreter\linkResolver.cpp, line 771]
Event: 7.017 Thread 0x000001644b161a20 Exception <a 'java/lang/NoSuchMethodError'{0x00000007195f5630}: 'java.lang.Object java.lang.invoke.Invokers$Holder.invokeExact_MT(java.lang.Object, java.lang.Object, java.lang.Object, java.lang.Object)'> (0x00000007195f5630) 
thrown [s\src\hotspot\share\interpreter\linkResolver.cpp, line 771]
Event: 7.147 Thread 0x000001644b161a20 Exception <a 'java/lang/NoSuchMethodError'{0x000000071a48bb68}: 'void java.lang.invoke.DirectMethodHandle$Holder.invokeSpecial(java.lang.Object, java.lang.Object, java.lang.Object)'> (0x000000071a48bb68) 
thrown [s\src\hotspot\share\interpreter\linkResolver.cpp, line 771]
Event: 7.155 Thread 0x000001644b161a20 Implicit null exception at 0x0000016456158290 to 0x0000016456158800
Event: 7.155 Thread 0x000001644b161a20 Implicit null exception at 0x000001645614c510 to 0x000001645614ca7c
Event: 7.172 Thread 0x000001644b161a20 Exception <a 'java/lang/NoSuchMethodError'{0x000000071a22a7b0}: 'java.lang.Object java.lang.invoke.DirectMethodHandle$Holder.invokeStaticInit(java.lang.Object)'> (0x000000071a22a7b0) 
thrown [s\src\hotspot\share\interpreter\linkResolver.cpp, line 771]
Event: 7.294 Thread 0x000001644b161a20 Exception <a 'java/lang/NoSuchMethodError'{0x0000000719e2efd8}: 'java.lang.Object java.lang.invoke.DirectMethodHandle$Holder.invokeStaticInit(java.lang.Object, int, int, int, int)'> (0x0000000719e2efd8) 
thrown [s\src\hotspot\share\interpreter\linkResolver.cpp, line 771]
Event: 7.342 Thread 0x000001644b161a20 Exception <a 'java/lang/NoSuchMethodError'{0x0000000719e74838}: 'java.lang.Object java.lang.invoke.DirectMethodHandle$Holder.invokeStaticInit(java.lang.Object, java.lang.Object, int, int, int, int)'> (0x0000000719e74838) 
thrown [s\src\hotspot\share\interpreter\linkResolver.cpp, line 771]
Event: 7.431 Thread 0x000001644b161a20 Exception <a 'java/lang/NoSuchMethodError'{0x0000000719ea1a98}: 'void java.lang.invoke.DirectMethodHandle$Holder.invokeStatic(java.lang.Object, java.lang.Object, java.lang.Object)'> (0x0000000719ea1a98) 
thrown [s\src\hotspot\share\interpreter\linkResolver.cpp, line 771]
Event: 7.455 Thread 0x000001644b161a20 Implicit null exception at 0x0000016456143572 to 0x0000016456143b50
Event: 7.455 Thread 0x000001644b161a20 Implicit null exception at 0x000001645615acf2 to 0x000001645615b2e4
Event: 7.462 Thread 0x000001644b161a20 Exception <a 'java/net/ConnectException'{0x0000000719f836a0}: Connection refused: getsockopt> (0x0000000719f836a0) 
thrown [s\src\hotspot\share\prims\jni.cpp, line 550]
Event: 7.638 Thread 0x0000016469d01900 Exception <a 'java/lang/NoSuchMethodError'{0x0000000719685c10}: 'void java.lang.invoke.DirectMethodHandle$Holder.invokeStatic(java.lang.Object, long)'> (0x0000000719685c10) 
thrown [s\src\hotspot\share\interpreter\linkResolver.cpp, line 771]
Event: 7.639 Thread 0x0000016469d01900 Exception <a 'java/lang/NoSuchMethodError'{0x000000071968b770}: 'java.lang.Object java.lang.invoke.DirectMethodHandle$Holder.newInvokeSpecial(java.lang.Object, long)'> (0x000000071968b770) 
thrown [s\src\hotspot\share\interpreter\linkResolver.cpp, line 771]
Event: 7.641 Thread 0x0000016469d01900 Exception <a 'java/lang/NoSuchMethodError'{0x0000000719696318}: 'java.lang.Object java.lang.invoke.DirectMethodHandle$Holder.invokeStaticInit(java.lang.Object, java.lang.Object, long, java.lang.Object)'> (0x0000000719696318) 
thrown [s\src\hotspot\share\interpreter\linkResolver.cpp, line 771]
Event: 7.642 Thread 0x0000016469d01900 Exception <a 'java/lang/NoSuchMethodError'{0x000000071969c9a0}: 'java.lang.Object java.lang.invoke.DirectMethodHandle$Holder.newInvokeSpecial(java.lang.Object, java.lang.Object, long)'> (0x000000071969c9a0) 
thrown [s\src\hotspot\share\interpreter\linkResolver.cpp, line 771]
Event: 7.642 Thread 0x0000016469d01900 Exception <a 'java/lang/NoSuchMethodError'{0x00000007196a0c90}: 'java.lang.Object java.lang.invoke.Invokers$Holder.linkToTargetMethod(java.lang.Object, long, java.lang.Object)'> (0x00000007196a0c90) 
thrown [s\src\hotspot\share\interpreter\linkResolver.cpp, line 771]

VM Operations (20 events):
Event: 60.081 Executing VM operation: HandshakeAllThreads
Event: 60.081 Executing VM operation: HandshakeAllThreads done
Event: 63.106 Executing VM operation: Cleanup
Event: 63.106 Executing VM operation: Cleanup done
Event: 63.354 Executing VM operation: G1CollectForAllocation
Event: 63.358 Executing VM operation: G1CollectForAllocation done
Event: 68.403 Executing VM operation: Cleanup
Event: 68.403 Executing VM operation: Cleanup done
Event: 72.432 Executing VM operation: Cleanup
Event: 72.432 Executing VM operation: Cleanup done
Event: 76.439 Executing VM operation: Cleanup
Event: 76.439 Executing VM operation: Cleanup done
Event: 77.452 Executing VM operation: Cleanup
Event: 77.452 Executing VM operation: Cleanup done
Event: 78.455 Executing VM operation: Cleanup
Event: 78.455 Executing VM operation: Cleanup done
Event: 120.147 Executing VM operation: HandshakeAllThreads
Event: 120.147 Executing VM operation: HandshakeAllThreads done
Event: 160.552 Executing VM operation: Cleanup
Event: 160.552 Executing VM operation: Cleanup done

Events (20 events):
Event: 17.023 loading class jdk/internal/reflect/ByteVector done
Event: 17.023 loading class jdk/internal/reflect/ByteVectorImpl done
Event: 17.023 loading class jdk/internal/reflect/ClassFileAssembler
Event: 17.023 loading class jdk/internal/reflect/ClassFileAssembler done
Event: 17.024 loading class jdk/internal/reflect/UTF8
Event: 17.024 loading class jdk/internal/reflect/UTF8 done
Event: 17.024 loading class jdk/internal/reflect/Label
Event: 17.024 loading class jdk/internal/reflect/Label done
Event: 17.024 loading class jdk/internal/reflect/Label$PatchInfo
Event: 17.024 loading class jdk/internal/reflect/Label$PatchInfo done
Event: 17.024 loading class jdk/internal/reflect/MethodAccessorGenerator$1
Event: 17.024 loading class jdk/internal/reflect/MethodAccessorGenerator$1 done
Event: 17.024 loading class jdk/internal/reflect/ClassDefiner
Event: 17.024 loading class jdk/internal/reflect/ClassDefiner done
Event: 17.024 loading class jdk/internal/reflect/ClassDefiner$1
Event: 17.024 loading class jdk/internal/reflect/ClassDefiner$1 done
Event: 45.422 loading class jdk/internal/misc/ScopedMemoryAccess$Scope
Event: 45.422 loading class jdk/internal/misc/ScopedMemoryAccess$Scope done
Event: 75.201 loading class jdk/internal/misc/ScopedMemoryAccess$Scope$Handle
Event: 75.201 loading class jdk/internal/misc/ScopedMemoryAccess$Scope$Handle done


Dynamic libraries:
0x00007ff722850000 - 0x00007ff72285a000 	E:\Android\jbr\bin\java.exe
0x00007ff8113b0000 - 0x00007ff8115a8000 	C:\WINDOWS\SYSTEM32\ntdll.dll
0x00007ff8112a0000 - 0x00007ff811362000 	C:\WINDOWS\System32\KERNEL32.DLL
0x00007ff80ea50000 - 0x00007ff80ed4e000 	C:\WINDOWS\System32\KERNELBASE.dll
0x00007ff80f140000 - 0x00007ff80f240000 	C:\WINDOWS\System32\ucrtbase.dll
0x00007ffffb1a0000 - 0x00007ffffb1b7000 	E:\Android\jbr\bin\jli.dll
0x00007ffffb160000 - 0x00007ffffb17b000 	E:\Android\jbr\bin\VCRUNTIME140.dll
0x00007ff80f800000 - 0x00007ff80f99d000 	C:\WINDOWS\System32\USER32.dll
0x00007ff80f060000 - 0x00007ff80f082000 	C:\WINDOWS\System32\win32u.dll
0x00007ffffce60000 - 0x00007ffffd0fa000 	C:\WINDOWS\WinSxS\amd64_microsoft.windows.common-controls_6595b64144ccf1df_6.0.19041.4355_none_60b8b9eb71f62e16\COMCTL32.dll
0x00007ff80fb10000 - 0x00007ff80fb3b000 	C:\WINDOWS\System32\GDI32.dll
0x00007ff810160000 - 0x00007ff8101fe000 	C:\WINDOWS\System32\msvcrt.dll
0x00007ff80ee10000 - 0x00007ff80ef27000 	C:\WINDOWS\System32\gdi32full.dll
0x00007ff80ef30000 - 0x00007ff80efcd000 	C:\WINDOWS\System32\msvcp_win.dll
0x00007ff80fb40000 - 0x00007ff80fb6f000 	C:\WINDOWS\System32\IMM32.DLL
0x00007ff80b9b0000 - 0x00007ff80b9bc000 	E:\Android\jbr\bin\vcruntime140_1.dll
0x00007fffeb660000 - 0x00007fffeb6ed000 	E:\Android\jbr\bin\msvcp140.dll
0x00007fffaa520000 - 0x00007fffab1a3000 	E:\Android\jbr\bin\server\jvm.dll
0x00007ff80f500000 - 0x00007ff80f5b1000 	C:\WINDOWS\System32\ADVAPI32.dll
0x00007ff8103e0000 - 0x00007ff81047f000 	C:\WINDOWS\System32\sechost.dll
0x00007ff810490000 - 0x00007ff8105b3000 	C:\WINDOWS\System32\RPCRT4.dll
0x00007ff80f240000 - 0x00007ff80f267000 	C:\WINDOWS\System32\bcrypt.dll
0x00007ff80e800000 - 0x00007ff80e84b000 	C:\WINDOWS\SYSTEM32\POWRPROF.dll
0x00007ffffb190000 - 0x00007ffffb199000 	C:\WINDOWS\SYSTEM32\WSOCK32.dll
0x00007ff8057d0000 - 0x00007ff8057f7000 	C:\WINDOWS\SYSTEM32\WINMM.dll
0x00007ff807d10000 - 0x00007ff807d1a000 	C:\WINDOWS\SYSTEM32\VERSION.dll
0x00007ff80f9a0000 - 0x00007ff80fa0b000 	C:\WINDOWS\System32\WS2_32.dll
0x00007ff80e7e0000 - 0x00007ff80e7f2000 	C:\WINDOWS\SYSTEM32\UMPDC.dll
0x00007ff80c8f0000 - 0x00007ff80c902000 	C:\WINDOWS\SYSTEM32\kernel.appcore.dll
0x00007ffffb150000 - 0x00007ffffb15a000 	E:\Android\jbr\bin\jimage.dll
0x00007ff8089e0000 - 0x00007ff808bc4000 	C:\WINDOWS\SYSTEM32\DBGHELP.DLL
0x00007ffff8710000 - 0x00007ffff8744000 	C:\WINDOWS\SYSTEM32\dbgcore.DLL
0x00007ff80efd0000 - 0x00007ff80f052000 	C:\WINDOWS\System32\bcryptPrimitives.dll
0x00007ffff8e50000 - 0x00007ffff8e75000 	E:\Android\jbr\bin\java.dll
0x00007ffff09e0000 - 0x00007ffff09f8000 	E:\Android\jbr\bin\zip.dll
0x00007ff810980000 - 0x00007ff8110ed000 	C:\WINDOWS\System32\SHELL32.dll
0x00007ff80caf0000 - 0x00007ff80d294000 	C:\WINDOWS\SYSTEM32\windows.storage.dll
0x00007ff810620000 - 0x00007ff810973000 	C:\WINDOWS\System32\combase.dll
0x00007ff80e3b0000 - 0x00007ff80e3de000 	C:\WINDOWS\SYSTEM32\Wldp.dll
0x00007ff810200000 - 0x00007ff8102cd000 	C:\WINDOWS\System32\OLEAUT32.dll
0x00007ff8102d0000 - 0x00007ff81037d000 	C:\WINDOWS\System32\SHCORE.dll
0x00007ff810380000 - 0x00007ff8103d5000 	C:\WINDOWS\System32\shlwapi.dll
0x00007ff80e980000 - 0x00007ff80e9a4000 	C:\WINDOWS\SYSTEM32\profapi.dll
0x00007fffec100000 - 0x00007fffec119000 	E:\Android\jbr\bin\net.dll
0x00007ff8085e0000 - 0x00007ff8086ed000 	C:\WINDOWS\SYSTEM32\WINHTTP.dll
0x00007ff80e110000 - 0x00007ff80e17a000 	C:\WINDOWS\system32\mswsock.dll
0x00007fffeb640000 - 0x00007fffeb656000 	E:\Android\jbr\bin\nio.dll
0x00007ffffb140000 - 0x00007ffffb150000 	E:\Android\jbr\bin\verify.dll
0x00007fffeb610000 - 0x00007fffeb637000 	C:\Users\User\.gradle\native\c067742578af261105cb4f569cf0c3c89f3d7b1fecec35dd04571415982c5e48\windows-amd64\native-platform.dll
0x00007ffff8e40000 - 0x00007ffff8e49000 	E:\Android\jbr\bin\management.dll
0x00007ffff0e30000 - 0x00007ffff0e3b000 	E:\Android\jbr\bin\management_ext.dll
0x00007ff810480000 - 0x00007ff810488000 	C:\WINDOWS\System32\PSAPI.DLL
0x00007ff80e310000 - 0x00007ff80e328000 	C:\WINDOWS\SYSTEM32\CRYPTSP.dll
0x00007ff80da30000 - 0x00007ff80da64000 	C:\WINDOWS\system32\rsaenh.dll
0x00007ff80e900000 - 0x00007ff80e92e000 	C:\WINDOWS\SYSTEM32\USERENV.dll
0x00007ff80e300000 - 0x00007ff80e30c000 	C:\WINDOWS\SYSTEM32\CRYPTBASE.dll
0x00007ff80ddf0000 - 0x00007ff80de2b000 	C:\WINDOWS\SYSTEM32\IPHLPAPI.DLL
0x00007ff80fa20000 - 0x00007ff80fa28000 	C:\WINDOWS\System32\NSI.dll
0x00007ff809c20000 - 0x00007ff809c37000 	C:\WINDOWS\SYSTEM32\dhcpcsvc6.DLL
0x00007ff809c00000 - 0x00007ff809c1d000 	C:\WINDOWS\SYSTEM32\dhcpcsvc.DLL
0x00007ff80de30000 - 0x00007ff80defa000 	C:\WINDOWS\SYSTEM32\DNSAPI.dll
0x00007fffeb600000 - 0x00007fffeb609000 	E:\Android\jbr\bin\extnet.dll
0x00007fffd81c0000 - 0x00007fffd81c7000 	C:\WINDOWS\system32\wshunix.dll

dbghelp: loaded successfully - version: 4.0.5 - missing functions: none
symbol engine: initialized successfully - sym options: 0x614 - pdb path: .;E:\Android\jbr\bin;C:\WINDOWS\SYSTEM32;C:\WINDOWS\WinSxS\amd64_microsoft.windows.common-controls_6595b64144ccf1df_6.0.19041.4355_none_60b8b9eb71f62e16;E:\Android\jbr\bin\server;C:\Users\User\.gradle\native\c067742578af261105cb4f569cf0c3c89f3d7b1fecec35dd04571415982c5e48\windows-amd64

VM Arguments:
jvm_args: -Dorg.gradle.appname=gradlew 
java_command: org.gradle.wrapper.GradleWrapperMain -q -Ptarget-platform=android-x86 -Ptarget=E:\CamHub\lib\main.dart -Pbase-application-name=android.app.Application -Pdart-obfuscation=false -Ptrack-widget-creation=true -Ptree-shake-icons=false -Pfilesystem-scheme=org-dartlang-root assembleDebug
java_class_path (initial): E:\CamHub\android\\gradle\wrapper\gradle-wrapper.jar
Launcher Type: SUN_STANDARD

[Global flags]
     intx CICompilerCount                          = 4                                         {product} {ergonomic}
     uint ConcGCThreads                            = 3                                         {product} {ergonomic}
     uint G1ConcRefinementThreads                  = 10                                        {product} {ergonomic}
   size_t G1HeapRegionSize                         = 2097152                                   {product} {ergonomic}
    uintx GCDrainStackTargetSize                   = 64                                        {product} {ergonomic}
   size_t InitialHeapSize                          = 257949696                                 {product} {ergonomic}
   size_t MarkStackSize                            = 4194304                                   {product} {ergonomic}
   size_t MaxHeapSize                              = 4106223616                                {product} {ergonomic}
   size_t MaxNewSize                               = 2462056448                                {product} {ergonomic}
   size_t MinHeapDeltaBytes                        = 2097152                                   {product} {ergonomic}
   size_t MinHeapSize                              = 8388608                                   {product} {ergonomic}
    uintx NonNMethodCodeHeapSize                   = 5839372                                {pd product} {ergonomic}
    uintx NonProfiledCodeHeapSize                  = 122909434                              {pd product} {ergonomic}
    uintx ProfiledCodeHeapSize                     = 122909434                              {pd product} {ergonomic}
    uintx ReservedCodeCacheSize                    = 251658240                              {pd product} {ergonomic}
     bool SegmentedCodeCache                       = true                                      {product} {ergonomic}
   size_t SoftMaxHeapSize                          = 4106223616                             {manageable} {ergonomic}
     bool UseCompressedClassPointers               = true                           {product lp64_product} {ergonomic}
     bool UseCompressedOops                        = true                           {product lp64_product} {ergonomic}
     bool UseG1GC                                  = true                                      {product} {ergonomic}
     bool UseLargePagesIndividualAllocation        = false                                  {pd product} {ergonomic}

Logging:
Log output configuration:
 #0: stdout all=warning uptime,level,tags
 #1: stderr all=off uptime,level,tags

Environment Variables:
JAVA_HOME=E:\Android\jbr
CLASSPATH=E:\CamHub\android\\gradle\wrapper\gradle-wrapper.jar
PATH=E:\Android\jbr\bin;C:\Program Files\Common Files\Oracle\Java\javapath;C:\WINDOWS\system32;C:\WINDOWS;C:\WINDOWS\System32\Wbem;C:\WINDOWS\System32\WindowsPowerShell\v1.0\;C:\WINDOWS\System32\OpenSSH\;C:\Program Files\Java\jdk-19\bin;C:\Program Files\Git\cmd;E:\Windows Kits\10\Windows Performance Toolkit\;C:\Users\User\AppData\Local\Programs\Python\Launcher\;C:\Users\User\AppData\Local\Microsoft\WindowsApps;C:\Program Files\JetBrains\PyCharm 2023.3.2\bin;;C:\Users\User\AppData\Local\Programs\MiKTeX\miktex\bin\x64\;C:\Users\User\AppData\Local\Programs\Microsoft VS Code\bin;C:\iverilog\bin;E:\Flutter\flutter\bin;;C:\iverilog\gtkwave\bin;E:\Flutter\flutter\bin\mingit\cmd;E:\Flutter\flutter\bin\mingit\cmd
USERNAME=User
OS=Windows_NT
PROCESSOR_IDENTIFIER=AMD64 Family 23 Model 96 Stepping 1, AuthenticAMD
TMP=C:\Users\User\AppData\Local\Temp
TEMP=C:\Users\User\AppData\Local\Temp



Periodic native trim disabled

JNI global refs:
JNI global refs: 20, weak refs: 1

JNI global refs memory usage: 843, weak refs: 841

Process memory usage:
Resident Set Size: 107528K (0% of 16035908K total physical memory with 497944K free physical memory)

OOME stack traces (most recent first):
Classloader memory used:
Loader bootstrap                                                                       : 1728K
Loader org.gradle.internal.classloader.VisitableURLClassLoader                         : 540K
Loader java.net.URLClassLoader                                                         : 26124B
Loader jdk.internal.loader.ClassLoaders$AppClassLoader                                 : 18431B
Loader jdk.internal.loader.ClassLoaders$PlatformClassLoader                            : 14825B
Loader jdk.internal.reflect.DelegatingClassLoader                                      : 540B

Classes loaded by more than one classloader:
Class org.gradle.internal.installation.GradleInstallation                             : loaded 2 times (x 73B)
Class org.gradle.cli.ParsedCommandLine                                                : loaded 2 times (x 78B)
Class org.gradle.internal.classpath.ClassPath                                         : loaded 2 times (x 68B)
Class org.gradle.api.internal.classpath.DefaultModuleRegistry                         : loaded 2 times (x 84B)
Class org.gradle.api.Action                                                           : loaded 2 times (x 68B)
Class org.gradle.cli.CommandLineParser$OptionString                                   : loaded 2 times (x 71B)
Class org.gradle.internal.installation.GradleInstallation$1                           : loaded 2 times (x 73B)
Class org.gradle.cli.CommandLineParser$AfterOptions                                   : loaded 2 times (x 75B)
Class org.gradle.internal.classpath.DefaultClassPath$ImmutableUniqueList$Builder      : loaded 2 times (x 73B)
Class org.gradle.cli.CommandLineParser$AfterFirstSubCommand                           : loaded 2 times (x 75B)
Class org.gradle.internal.classloader.ClassLoaderVisitor                              : loaded 2 times (x 74B)
Class org.gradle.internal.service.UnknownServiceException                             : loaded 2 times (x 81B)
Class org.gradle.api.GradleException                                                  : loaded 2 times (x 80B)
Class org.gradle.api.internal.classpath.ModuleRegistry                                : loaded 2 times (x 68B)
Class org.gradle.cli.CommandLineParser$KnownOptionParserState                         : loaded 2 times (x 74B)
Class org.gradle.internal.classloader.ClasspathUtil$1                                 : loaded 2 times (x 74B)
Class org.gradle.cli.AbstractPropertiesCommandLineConverter                           : loaded 2 times (x 81B)
Class org.gradle.api.internal.classpath.ManifestUtil                                  : loaded 2 times (x 69B)
Class org.gradle.api.specs.Spec                                                       : loaded 2 times (x 68B)
Class org.gradle.cli.SystemPropertiesCommandLineConverter                             : loaded 2 times (x 81B)
Class org.gradle.internal.IoActions                                                   : loaded 2 times (x 69B)
Class org.gradle.api.internal.classpath.EffectiveClassPath                            : loaded 2 times (x 88B)
Class org.gradle.internal.installation.CurrentGradleInstallation                      : loaded 2 times (x 71B)
Class org.gradle.internal.installation.CurrentGradleInstallationLocator               : loaded 2 times (x 69B)
Class org.gradle.api.internal.classpath.Module                                        : loaded 2 times (x 68B)
Class org.gradle.internal.classpath.DefaultClassPath                                  : loaded 2 times (x 88B)
Class org.gradle.api.Transformer                                                      : loaded 2 times (x 68B)
Class org.gradle.cli.CommandLineParser                                                : loaded 2 times (x 77B)
Class org.gradle.cli.CommandLineParser$BeforeFirstSubCommand                          : loaded 2 times (x 75B)
Class org.gradle.internal.classloader.SystemClassLoaderSpec                           : loaded 2 times (x 69B)
Class org.gradle.cli.CommandLineOption                                                : loaded 2 times (x 84B)
Class org.gradle.cli.CommandLineParser$ParserState                                    : loaded 2 times (x 74B)
Class org.gradle.cli.CommandLineParser$MissingOptionArgState                          : loaded 2 times (x 75B)
Class org.gradle.api.UncheckedIOException                                             : loaded 2 times (x 80B)
Class org.gradle.cli.ParsedCommandLineOption                                          : loaded 2 times (x 74B)
Class org.gradle.internal.classloader.ClasspathUtil                                   : loaded 2 times (x 69B)
Class org.gradle.api.internal.classpath.DefaultModuleRegistry$DefaultModule           : loaded 2 times (x 84B)
Class org.gradle.cli.CommandLineParser$UnknownOptionParserState                       : loaded 2 times (x 74B)
Class org.gradle.api.internal.classpath.UnknownModuleException                        : loaded 2 times (x 80B)
Class org.gradle.internal.service.ServiceLookupException                              : loaded 2 times (x 80B)
Class org.gradle.cache.GlobalCache                                                    : loaded 2 times (x 68B)
Class org.gradle.util.internal.GUtil                                                  : loaded 2 times (x 69B)
Class org.gradle.internal.classloader.ClassLoaderSpec                                 : loaded 2 times (x 69B)
Class org.gradle.cli.CommandLineParser$OptionAwareParserState                         : loaded 2 times (x 75B)
Class org.gradle.cli.CommandLineParser$OptionParserState                              : loaded 2 times (x 73B)
Class org.gradle.internal.Cast                                                        : loaded 2 times (x 69B)
Class org.gradle.internal.classloader.ClassLoaderHierarchy                            : loaded 2 times (x 68B)
Class org.gradle.cli.CommandLineConverter                                             : loaded 2 times (x 68B)
Class org.gradle.internal.classpath.DefaultClassPath$ImmutableUniqueList              : loaded 2 times (x 159B)
Class org.gradle.cli.AbstractCommandLineConverter                                     : loaded 2 times (x 77B)
Class org.gradle.cli.CommandLineArgumentException                                     : loaded 2 times (x 80B)


---------------  S Y S T E M  ---------------

OS:
 Windows 10 , 64 bit Build 19041 (10.0.19041.5198)
OS uptime: 0 days 1:00 hours

CPU: total 12 (initial active 12) (12 cores per cpu, 2 threads per core) family 23 model 96 stepping 1 microcode 0x0, cx8, cmov, fxsr, ht, mmx, 3dnowpref, sse, sse2, sse3, ssse3, sse4a, sse4.1, sse4.2, popcnt, lzcnt, tsc, tscinvbit, avx, avx2, aes, clmul, bmi1, bmi2, adx, sha, fma, vzeroupper, clflush, clflushopt
Processor Information for all 12 processors :
  Max Mhz: 3701, Current Mhz: 3701, Mhz Limit: 3701

Memory: 4k page, system-wide physical 15660M (487M free)
TotalPageFile size 18157M (AvailPageFile size 80M)
current process WorkingSet (physical memory assigned to process): 105M, peak: 105M
current process commit charge ("private bytes"): 359M, peak: 363M

vm_info: OpenJDK 64-Bit Server VM (17.0.11+0--11852314) for windows-amd64 JRE (17.0.11+0--11852314), built on May 16 2024 21:29:20 by "androidbuild" with MS VC++ 16.10 / 16.11 (VS2019)

END.
